CRITICAL - 2021-07-21 00:19:10 --> Invalid argument supplied for foreach()
#0 C:\laragon\www\dipa_tes\app\Views\preview_view.php(26): CodeIgniter\Debug\Exceptions->errorHandler(2, 'Invalid argumen...', 'C:\\laragon\\www\\...', 26, Array)
#1 C:\laragon\www\dipa_tes\system\View\View.php(236): include('C:\\laragon\\www\\...')
#2 C:\laragon\www\dipa_tes\system\Common.php(1071): CodeIgniter\View\View->render('preview_view', Array, true)
#3 C:\laragon\www\dipa_tes\app\Controllers\Preview.php(12): view('preview_view', Array)
#4 C:\laragon\www\dipa_tes\system\CodeIgniter.php(910): App\Controllers\Preview->index()
#5 C:\laragon\www\dipa_tes\system\CodeIgniter.php(398): CodeIgniter\CodeIgniter->runController(Object(App\Controllers\Preview))
#6 C:\laragon\www\dipa_tes\system\CodeIgniter.php(306): CodeIgniter\CodeIgniter->handleRequest(NULL, Object(Config\Cache), false)
#7 C:\laragon\www\dipa_tes\public\index.php(45): CodeIgniter\CodeIgniter->run()
#8 C:\laragon\www\dipa_tes\system\Commands\Server\rewrite.php(34): require_once('C:\\laragon\\www\\...')
#9 {main}
CRITICAL - 2021-07-21 00:23:20 --> You have an error in your SQL syntax; check the manual that corresponds to your MySQL server version for the right syntax to use near ' `b`.`area`, `c`.`nama_kota`
FROM `alamat` `a`
LEFT JOIN `customer` `b` ON `a`.`' at line 1
#0 C:\laragon\www\dipa_tes\system\Database\MySQLi\Connection.php(330): mysqli->query('SELECT `a`.*, `...')
#1 C:\laragon\www\dipa_tes\system\Database\BaseConnection.php(738): CodeIgniter\Database\MySQLi\Connection->execute('SELECT `a`.*, `...')
#2 C:\laragon\www\dipa_tes\system\Database\BaseConnection.php(666): CodeIgniter\Database\BaseConnection->simpleQuery('SELECT `a`.*, `...')
#3 C:\laragon\www\dipa_tes\system\Database\BaseBuilder.php(1819): CodeIgniter\Database\BaseConnection->query('SELECT `a`.*, `...', Array, false)
#4 C:\laragon\www\dipa_tes\app\Models\Preview_model.php(14): CodeIgniter\Database\BaseBuilder->get()
#5 C:\laragon\www\dipa_tes\app\Controllers\Preview.php(11): App\Models\Preview_model->getPreview()
#6 C:\laragon\www\dipa_tes\system\CodeIgniter.php(910): App\Controllers\Preview->index()
#7 C:\laragon\www\dipa_tes\system\CodeIgniter.php(398): CodeIgniter\CodeIgniter->runController(Object(App\Controllers\Preview))
#8 C:\laragon\www\dipa_tes\system\CodeIgniter.php(306): CodeIgniter\CodeIgniter->handleRequest(NULL, Object(Config\Cache), false)
#9 C:\laragon\www\dipa_tes\public\index.php(45): CodeIgniter\CodeIgniter->run()
#10 C:\laragon\www\dipa_tes\system\Commands\Server\rewrite.php(34): require_once('C:\\laragon\\www\\...')
#11 {main}
CRITICAL - 2021-07-21 00:28:02 --> Invalid argument supplied for foreach()
#0 C:\laragon\www\dipa_tes\app\Views\tes_view.php(27): CodeIgniter\Debug\Exceptions->errorHandler(2, 'Invalid argumen...', 'C:\\laragon\\www\\...', 27, Array)
#1 C:\laragon\www\dipa_tes\system\View\View.php(236): include('C:\\laragon\\www\\...')
#2 C:\laragon\www\dipa_tes\system\Common.php(1071): CodeIgniter\View\View->render('tes_view', Array, true)
#3 C:\laragon\www\dipa_tes\app\Controllers\Tes.php(12): view('tes_view', Array)
#4 C:\laragon\www\dipa_tes\system\CodeIgniter.php(910): App\Controllers\Tes->index()
#5 C:\laragon\www\dipa_tes\system\CodeIgniter.php(398): CodeIgniter\CodeIgniter->runController(Object(App\Controllers\Tes))
#6 C:\laragon\www\dipa_tes\system\CodeIgniter.php(306): CodeIgniter\CodeIgniter->handleRequest(NULL, Object(Config\Cache), false)
#7 C:\laragon\www\dipa_tes\public\index.php(45): CodeIgniter\CodeIgniter->run()
#8 C:\laragon\www\dipa_tes\system\Commands\Server\rewrite.php(34): require_once('C:\\laragon\\www\\...')
#9 {main}
CRITICAL - 2021-07-21 00:28:15 --> Invalid argument supplied for foreach()
#0 C:\laragon\www\dipa_tes\app\Views\tes_view.php(27): CodeIgniter\Debug\Exceptions->errorHandler(2, 'Invalid argumen...', 'C:\\laragon\\www\\...', 27, Array)
#1 C:\laragon\www\dipa_tes\system\View\View.php(236): include('C:\\laragon\\www\\...')
#2 C:\laragon\www\dipa_tes\system\Common.php(1071): CodeIgniter\View\View->render('tes_view', Array, true)
#3 C:\laragon\www\dipa_tes\app\Controllers\Tes.php(12): view('tes_view', Array)
#4 C:\laragon\www\dipa_tes\system\CodeIgniter.php(910): App\Controllers\Tes->index()
#5 C:\laragon\www\dipa_tes\system\CodeIgniter.php(398): CodeIgniter\CodeIgniter->runController(Object(App\Controllers\Tes))
#6 C:\laragon\www\dipa_tes\system\CodeIgniter.php(306): CodeIgniter\CodeIgniter->handleRequest(NULL, Object(Config\Cache), false)
#7 C:\laragon\www\dipa_tes\public\index.php(45): CodeIgniter\CodeIgniter->run()
#8 C:\laragon\www\dipa_tes\system\Commands\Server\rewrite.php(34): require_once('C:\\laragon\\www\\...')
#9 {main}
CRITICAL - 2021-07-21 00:28:15 --> Invalid argument supplied for foreach()
#0 C:\laragon\www\dipa_tes\app\Views\tes_view.php(27): CodeIgniter\Debug\Exceptions->errorHandler(2, 'Invalid argumen...', 'C:\\laragon\\www\\...', 27, Array)
#1 C:\laragon\www\dipa_tes\system\View\View.php(236): include('C:\\laragon\\www\\...')
#2 C:\laragon\www\dipa_tes\system\Common.php(1071): CodeIgniter\View\View->render('tes_view', Array, true)
#3 C:\laragon\www\dipa_tes\app\Controllers\Tes.php(12): view('tes_view', Array)
#4 C:\laragon\www\dipa_tes\system\CodeIgniter.php(910): App\Controllers\Tes->index()
#5 C:\laragon\www\dipa_tes\system\CodeIgniter.php(398): CodeIgniter\CodeIgniter->runController(Object(App\Controllers\Tes))
#6 C:\laragon\www\dipa_tes\system\CodeIgniter.php(306): CodeIgniter\CodeIgniter->handleRequest(NULL, Object(Config\Cache), false)
#7 C:\laragon\www\dipa_tes\public\index.php(45): CodeIgniter\CodeIgniter->run()
#8 C:\laragon\www\dipa_tes\system\Commands\Server\rewrite.php(34): require_once('C:\\laragon\\www\\...')
#9 {main}
CRITICAL - 2021-07-21 00:28:15 --> Invalid argument supplied for foreach()
#0 C:\laragon\www\dipa_tes\app\Views\tes_view.php(27): CodeIgniter\Debug\Exceptions->errorHandler(2, 'Invalid argumen...', 'C:\\laragon\\www\\...', 27, Array)
#1 C:\laragon\www\dipa_tes\system\View\View.php(236): include('C:\\laragon\\www\\...')
#2 C:\laragon\www\dipa_tes\system\Common.php(1071): CodeIgniter\View\View->render('tes_view', Array, true)
#3 C:\laragon\www\dipa_tes\app\Controllers\Tes.php(12): view('tes_view', Array)
#4 C:\laragon\www\dipa_tes\system\CodeIgniter.php(910): App\Controllers\Tes->index()
#5 C:\laragon\www\dipa_tes\system\CodeIgniter.php(398): CodeIgniter\CodeIgniter->runController(Object(App\Controllers\Tes))
#6 C:\laragon\www\dipa_tes\system\CodeIgniter.php(306): CodeIgniter\CodeIgniter->handleRequest(NULL, Object(Config\Cache), false)
#7 C:\laragon\www\dipa_tes\public\index.php(45): CodeIgniter\CodeIgniter->run()
#8 C:\laragon\www\dipa_tes\system\Commands\Server\rewrite.php(34): require_once('C:\\laragon\\www\\...')
#9 {main}
CRITICAL - 2021-07-21 00:28:24 --> Invalid argument supplied for foreach()
#0 C:\laragon\www\dipa_tes\app\Views\tes_view.php(27): CodeIgniter\Debug\Exceptions->errorHandler(2, 'Invalid argumen...', 'C:\\laragon\\www\\...', 27, Array)
#1 C:\laragon\www\dipa_tes\system\View\View.php(236): include('C:\\laragon\\www\\...')
#2 C:\laragon\www\dipa_tes\system\Common.php(1071): CodeIgniter\View\View->render('tes_view', Array, true)
#3 C:\laragon\www\dipa_tes\app\Controllers\Tes.php(12): view('tes_view', Array)
#4 C:\laragon\www\dipa_tes\system\CodeIgniter.php(910): App\Controllers\Tes->index()
#5 C:\laragon\www\dipa_tes\system\CodeIgniter.php(398): CodeIgniter\CodeIgniter->runController(Object(App\Controllers\Tes))
#6 C:\laragon\www\dipa_tes\system\CodeIgniter.php(306): CodeIgniter\CodeIgniter->handleRequest(NULL, Object(Config\Cache), false)
#7 C:\laragon\www\dipa_tes\public\index.php(45): CodeIgniter\CodeIgniter->run()
#8 C:\laragon\www\dipa_tes\system\Commands\Server\rewrite.php(34): require_once('C:\\laragon\\www\\...')
#9 {main}
CRITICAL - 2021-07-21 00:28:50 --> Invalid argument supplied for foreach()
#0 C:\laragon\www\dipa_tes\app\Views\tes_view.php(27): CodeIgniter\Debug\Exceptions->errorHandler(2, 'Invalid argumen...', 'C:\\laragon\\www\\...', 27, Array)
#1 C:\laragon\www\dipa_tes\system\View\View.php(236): include('C:\\laragon\\www\\...')
#2 C:\laragon\www\dipa_tes\system\Common.php(1071): CodeIgniter\View\View->render('tes_view', Array, true)
#3 C:\laragon\www\dipa_tes\app\Controllers\Tes.php(10): view('tes_view', Array)
#4 C:\laragon\www\dipa_tes\system\CodeIgniter.php(910): App\Controllers\Tes->index()
#5 C:\laragon\www\dipa_tes\system\CodeIgniter.php(398): CodeIgniter\CodeIgniter->runController(Object(App\Controllers\Tes))
#6 C:\laragon\www\dipa_tes\system\CodeIgniter.php(306): CodeIgniter\CodeIgniter->handleRequest(NULL, Object(Config\Cache), false)
#7 C:\laragon\www\dipa_tes\public\index.php(45): CodeIgniter\CodeIgniter->run()
#8 C:\laragon\www\dipa_tes\system\Commands\Server\rewrite.php(34): require_once('C:\\laragon\\www\\...')
#9 {main}
CRITICAL - 2021-07-21 00:28:51 --> Invalid argument supplied for foreach()
#0 C:\laragon\www\dipa_tes\app\Views\tes_view.php(27): CodeIgniter\Debug\Exceptions->errorHandler(2, 'Invalid argumen...', 'C:\\laragon\\www\\...', 27, Array)
#1 C:\laragon\www\dipa_tes\system\View\View.php(236): include('C:\\laragon\\www\\...')
#2 C:\laragon\www\dipa_tes\system\Common.php(1071): CodeIgniter\View\View->render('tes_view', Array, true)
#3 C:\laragon\www\dipa_tes\app\Controllers\Tes.php(10): view('tes_view', Array)
#4 C:\laragon\www\dipa_tes\system\CodeIgniter.php(910): App\Controllers\Tes->index()
#5 C:\laragon\www\dipa_tes\system\CodeIgniter.php(398): CodeIgniter\CodeIgniter->runController(Object(App\Controllers\Tes))
#6 C:\laragon\www\dipa_tes\system\CodeIgniter.php(306): CodeIgniter\CodeIgniter->handleRequest(NULL, Object(Config\Cache), false)
#7 C:\laragon\www\dipa_tes\public\index.php(45): CodeIgniter\CodeIgniter->run()
#8 C:\laragon\www\dipa_tes\system\Commands\Server\rewrite.php(34): require_once('C:\\laragon\\www\\...')
#9 {main}
CRITICAL - 2021-07-21 00:28:51 --> Invalid argument supplied for foreach()
#0 C:\laragon\www\dipa_tes\app\Views\tes_view.php(27): CodeIgniter\Debug\Exceptions->errorHandler(2, 'Invalid argumen...', 'C:\\laragon\\www\\...', 27, Array)
#1 C:\laragon\www\dipa_tes\system\View\View.php(236): include('C:\\laragon\\www\\...')
#2 C:\laragon\www\dipa_tes\system\Common.php(1071): CodeIgniter\View\View->render('tes_view', Array, true)
#3 C:\laragon\www\dipa_tes\app\Controllers\Tes.php(10): view('tes_view', Array)
#4 C:\laragon\www\dipa_tes\system\CodeIgniter.php(910): App\Controllers\Tes->index()
#5 C:\laragon\www\dipa_tes\system\CodeIgniter.php(398): CodeIgniter\CodeIgniter->runController(Object(App\Controllers\Tes))
#6 C:\laragon\www\dipa_tes\system\CodeIgniter.php(306): CodeIgniter\CodeIgniter->handleRequest(NULL, Object(Config\Cache), false)
#7 C:\laragon\www\dipa_tes\public\index.php(45): CodeIgniter\CodeIgniter->run()
#8 C:\laragon\www\dipa_tes\system\Commands\Server\rewrite.php(34): require_once('C:\\laragon\\www\\...')
#9 {main}
CRITICAL - 2021-07-21 00:29:02 --> Invalid argument supplied for foreach()
#0 C:\laragon\www\dipa_tes\app\Views\tes_view.php(27): CodeIgniter\Debug\Exceptions->errorHandler(2, 'Invalid argumen...', 'C:\\laragon\\www\\...', 27, Array)
#1 C:\laragon\www\dipa_tes\system\View\View.php(236): include('C:\\laragon\\www\\...')
#2 C:\laragon\www\dipa_tes\system\Common.php(1071): CodeIgniter\View\View->render('tes_view', Array, true)
#3 C:\laragon\www\dipa_tes\app\Controllers\Tes.php(10): view('tes_view', Array)
#4 C:\laragon\www\dipa_tes\system\CodeIgniter.php(910): App\Controllers\Tes->index()
#5 C:\laragon\www\dipa_tes\system\CodeIgniter.php(398): CodeIgniter\CodeIgniter->runController(Object(App\Controllers\Tes))
#6 C:\laragon\www\dipa_tes\system\CodeIgniter.php(306): CodeIgniter\CodeIgniter->handleRequest(NULL, Object(Config\Cache), false)
#7 C:\laragon\www\dipa_tes\public\index.php(45): CodeIgniter\CodeIgniter->run()
#8 C:\laragon\www\dipa_tes\system\Commands\Server\rewrite.php(34): require_once('C:\\laragon\\www\\...')
#9 {main}
CRITICAL - 2021-07-21 00:39:02 --> syntax error, unexpected '\' (T_NS_SEPARATOR), expecting ',' or ';'
#0 C:\laragon\www\dipa_tes\system\Router\Router.php(192): CodeIgniter\Router\Router->autoRoute('tes/soal_dua')
#1 C:\laragon\www\dipa_tes\system\CodeIgniter.php(785): CodeIgniter\Router\Router->handle('tes/soal_dua')
#2 C:\laragon\www\dipa_tes\system\CodeIgniter.php(358): CodeIgniter\CodeIgniter->tryToRouteIt(Object(CodeIgniter\Router\RouteCollection))
#3 C:\laragon\www\dipa_tes\system\CodeIgniter.php(306): CodeIgniter\CodeIgniter->handleRequest(NULL, Object(Config\Cache), false)
#4 C:\laragon\www\dipa_tes\public\index.php(45): CodeIgniter\CodeIgniter->run()
#5 C:\laragon\www\dipa_tes\system\Commands\Server\rewrite.php(34): require_once('C:\\laragon\\www\\...')
#6 {main}
CRITICAL - 2021-07-21 00:40:44 --> range() expects at least 2 parameters, 1 given
#0 [internal function]: CodeIgniter\Debug\Exceptions->errorHandler(2, 'range() expects...', 'C:\\laragon\\www\\...', 34, Array)
#1 C:\laragon\www\dipa_tes\app\Controllers\Tes.php(34): range('aku budi')
#2 C:\laragon\www\dipa_tes\system\CodeIgniter.php(910): App\Controllers\Tes->soal_dua()
#3 C:\laragon\www\dipa_tes\system\CodeIgniter.php(398): CodeIgniter\CodeIgniter->runController(Object(App\Controllers\Tes))
#4 C:\laragon\www\dipa_tes\system\CodeIgniter.php(306): CodeIgniter\CodeIgniter->handleRequest(NULL, Object(Config\Cache), false)
#5 C:\laragon\www\dipa_tes\public\index.php(45): CodeIgniter\CodeIgniter->run()
#6 C:\laragon\www\dipa_tes\system\Commands\Server\rewrite.php(34): require_once('C:\\laragon\\www\\...')
#7 {main}
CRITICAL - 2021-07-21 00:40:45 --> range() expects at least 2 parameters, 1 given
#0 [internal function]: CodeIgniter\Debug\Exceptions->errorHandler(2, 'range() expects...', 'C:\\laragon\\www\\...', 34, Array)
#1 C:\laragon\www\dipa_tes\app\Controllers\Tes.php(34): range('aku budi')
#2 C:\laragon\www\dipa_tes\system\CodeIgniter.php(910): App\Controllers\Tes->soal_dua()
#3 C:\laragon\www\dipa_tes\system\CodeIgniter.php(398): CodeIgniter\CodeIgniter->runController(Object(App\Controllers\Tes))
#4 C:\laragon\www\dipa_tes\system\CodeIgniter.php(306): CodeIgniter\CodeIgniter->handleRequest(NULL, Object(Config\Cache), false)
#5 C:\laragon\www\dipa_tes\public\index.php(45): CodeIgniter\CodeIgniter->run()
#6 C:\laragon\www\dipa_tes\system\Commands\Server\rewrite.php(34): require_once('C:\\laragon\\www\\...')
#7 {main}
CRITICAL - 2021-07-21 00:41:09 --> array_fill() expects exactly 3 parameters, 1 given
#0 [internal function]: CodeIgniter\Debug\Exceptions->errorHandler(2, 'array_fill() ex...', 'C:\\laragon\\www\\...', 35, Array)
#1 C:\laragon\www\dipa_tes\app\Controllers\Tes.php(35): array_fill('aku budi')
#2 C:\laragon\www\dipa_tes\system\CodeIgniter.php(910): App\Controllers\Tes->soal_dua()
#3 C:\laragon\www\dipa_tes\system\CodeIgniter.php(398): CodeIgniter\CodeIgniter->runController(Object(App\Controllers\Tes))
#4 C:\laragon\www\dipa_tes\system\CodeIgniter.php(306): CodeIgniter\CodeIgniter->handleRequest(NULL, Object(Config\Cache), false)
#5 C:\laragon\www\dipa_tes\public\index.php(45): CodeIgniter\CodeIgniter->run()
#6 C:\laragon\www\dipa_tes\system\Commands\Server\rewrite.php(34): require_once('C:\\laragon\\www\\...')
#7 {main}
CRITICAL - 2021-07-21 00:41:09 --> array_fill() expects exactly 3 parameters, 1 given
#0 [internal function]: CodeIgniter\Debug\Exceptions->errorHandler(2, 'array_fill() ex...', 'C:\\laragon\\www\\...', 35, Array)
#1 C:\laragon\www\dipa_tes\app\Controllers\Tes.php(35): array_fill('aku budi')
#2 C:\laragon\www\dipa_tes\system\CodeIgniter.php(910): App\Controllers\Tes->soal_dua()
#3 C:\laragon\www\dipa_tes\system\CodeIgniter.php(398): CodeIgniter\CodeIgniter->runController(Object(App\Controllers\Tes))
#4 C:\laragon\www\dipa_tes\system\CodeIgniter.php(306): CodeIgniter\CodeIgniter->handleRequest(NULL, Object(Config\Cache), false)
#5 C:\laragon\www\dipa_tes\public\index.php(45): CodeIgniter\CodeIgniter->run()
#6 C:\laragon\www\dipa_tes\system\Commands\Server\rewrite.php(34): require_once('C:\\laragon\\www\\...')
#7 {main}
CRITICAL - 2021-07-21 00:41:09 --> array_fill() expects exactly 3 parameters, 1 given
#0 [internal function]: CodeIgniter\Debug\Exceptions->errorHandler(2, 'array_fill() ex...', 'C:\\laragon\\www\\...', 35, Array)
#1 C:\laragon\www\dipa_tes\app\Controllers\Tes.php(35): array_fill('aku budi')
#2 C:\laragon\www\dipa_tes\system\CodeIgniter.php(910): App\Controllers\Tes->soal_dua()
#3 C:\laragon\www\dipa_tes\system\CodeIgniter.php(398): CodeIgniter\CodeIgniter->runController(Object(App\Controllers\Tes))
#4 C:\laragon\www\dipa_tes\system\CodeIgniter.php(306): CodeIgniter\CodeIgniter->handleRequest(NULL, Object(Config\Cache), false)
#5 C:\laragon\www\dipa_tes\public\index.php(45): CodeIgniter\CodeIgniter->run()
#6 C:\laragon\www\dipa_tes\system\Commands\Server\rewrite.php(34): require_once('C:\\laragon\\www\\...')
#7 {main}
CRITICAL - 2021-07-21 00:46:28 --> Call to undefined function App\Controllers\outputs()
#0 C:\laragon\www\dipa_tes\system\CodeIgniter.php(910): App\Controllers\Tes->soal_dua()
#1 C:\laragon\www\dipa_tes\system\CodeIgniter.php(398): CodeIgniter\CodeIgniter->runController(Object(App\Controllers\Tes))
#2 C:\laragon\www\dipa_tes\system\CodeIgniter.php(306): CodeIgniter\CodeIgniter->handleRequest(NULL, Object(Config\Cache), false)
#3 C:\laragon\www\dipa_tes\public\index.php(45): CodeIgniter\CodeIgniter->run()
#4 C:\laragon\www\dipa_tes\system\Commands\Server\rewrite.php(34): require_once('C:\\laragon\\www\\...')
#5 {main}
CRITICAL - 2021-07-21 00:46:28 --> Call to undefined function App\Controllers\outputs()
#0 C:\laragon\www\dipa_tes\system\CodeIgniter.php(910): App\Controllers\Tes->soal_dua()
#1 C:\laragon\www\dipa_tes\system\CodeIgniter.php(398): CodeIgniter\CodeIgniter->runController(Object(App\Controllers\Tes))
#2 C:\laragon\www\dipa_tes\system\CodeIgniter.php(306): CodeIgniter\CodeIgniter->handleRequest(NULL, Object(Config\Cache), false)
#3 C:\laragon\www\dipa_tes\public\index.php(45): CodeIgniter\CodeIgniter->run()
#4 C:\laragon\www\dipa_tes\system\Commands\Server\rewrite.php(34): require_once('C:\\laragon\\www\\...')
#5 {main}
CRITICAL - 2021-07-21 00:55:08 --> Call to undefined function App\Controllers\isPrime()
#0 C:\laragon\www\dipa_tes\system\CodeIgniter.php(910): App\Controllers\Tes->soal_tiga()
#1 C:\laragon\www\dipa_tes\system\CodeIgniter.php(398): CodeIgniter\CodeIgniter->runController(Object(App\Controllers\Tes))
#2 C:\laragon\www\dipa_tes\system\CodeIgniter.php(306): CodeIgniter\CodeIgniter->handleRequest(NULL, Object(Config\Cache), false)
#3 C:\laragon\www\dipa_tes\public\index.php(45): CodeIgniter\CodeIgniter->run()
#4 C:\laragon\www\dipa_tes\system\Commands\Server\rewrite.php(34): require_once('C:\\laragon\\www\\...')
#5 {main}
CRITICAL - 2021-07-21 00:58:06 --> Invalid argument supplied for foreach()
#0 C:\laragon\www\dipa_tes\app\Views\data_tes_view.php(36): CodeIgniter\Debug\Exceptions->errorHandler(2, 'Invalid argumen...', 'C:\\laragon\\www\\...', 36, Array)
#1 C:\laragon\www\dipa_tes\system\View\View.php(236): include('C:\\laragon\\www\\...')
#2 C:\laragon\www\dipa_tes\system\Common.php(1071): CodeIgniter\View\View->render('data_tes_view', Array, true)
#3 C:\laragon\www\dipa_tes\app\Controllers\Tes.php(9): view('data_tes_view')
#4 C:\laragon\www\dipa_tes\system\CodeIgniter.php(910): App\Controllers\Tes->index()
#5 C:\laragon\www\dipa_tes\system\CodeIgniter.php(398): CodeIgniter\CodeIgniter->runController(Object(App\Controllers\Tes))
#6 C:\laragon\www\dipa_tes\system\CodeIgniter.php(306): CodeIgniter\CodeIgniter->handleRequest(NULL, Object(Config\Cache), false)
#7 C:\laragon\www\dipa_tes\public\index.php(45): CodeIgniter\CodeIgniter->run()
#8 C:\laragon\www\dipa_tes\system\Commands\Server\rewrite.php(34): require_once('C:\\laragon\\www\\...')
#9 {main}
CRITICAL - 2021-07-21 00:59:30 --> Call to undefined function App\Controllers\isPrime()
#0 C:\laragon\www\dipa_tes\system\CodeIgniter.php(910): App\Controllers\Tes->bilangan_prima()
#1 C:\laragon\www\dipa_tes\system\CodeIgniter.php(398): CodeIgniter\CodeIgniter->runController(Object(App\Controllers\Tes))
#2 C:\laragon\www\dipa_tes\system\CodeIgniter.php(306): CodeIgniter\CodeIgniter->handleRequest(NULL, Object(Config\Cache), false)
#3 C:\laragon\www\dipa_tes\public\index.php(45): CodeIgniter\CodeIgniter->run()
#4 C:\laragon\www\dipa_tes\system\Commands\Server\rewrite.php(34): require_once('C:\\laragon\\www\\...')
#5 {main}
CRITICAL - 2021-07-21 01:00:24 --> Call to undefined function App\Controllers\isPrime()
#0 C:\laragon\www\dipa_tes\system\CodeIgniter.php(910): App\Controllers\Tes->bilangan_prima()
#1 C:\laragon\www\dipa_tes\system\CodeIgniter.php(398): CodeIgniter\CodeIgniter->runController(Object(App\Controllers\Tes))
#2 C:\laragon\www\dipa_tes\system\CodeIgniter.php(306): CodeIgniter\CodeIgniter->handleRequest(NULL, Object(Config\Cache), false)
#3 C:\laragon\www\dipa_tes\public\index.php(45): CodeIgniter\CodeIgniter->run()
#4 C:\laragon\www\dipa_tes\system\Commands\Server\rewrite.php(34): require_once('C:\\laragon\\www\\...')
#5 {main}
CRITICAL - 2021-07-21 01:00:25 --> Call to undefined function App\Controllers\isPrime()
#0 C:\laragon\www\dipa_tes\system\CodeIgniter.php(910): App\Controllers\Tes->bilangan_prima()
#1 C:\laragon\www\dipa_tes\system\CodeIgniter.php(398): CodeIgniter\CodeIgniter->runController(Object(App\Controllers\Tes))
#2 C:\laragon\www\dipa_tes\system\CodeIgniter.php(306): CodeIgniter\CodeIgniter->handleRequest(NULL, Object(Config\Cache), false)
#3 C:\laragon\www\dipa_tes\public\index.php(45): CodeIgniter\CodeIgniter->run()
#4 C:\laragon\www\dipa_tes\system\Commands\Server\rewrite.php(34): require_once('C:\\laragon\\www\\...')
#5 {main}
CRITICAL - 2021-07-21 01:00:37 --> Call to undefined function App\Controllers\isPrime()
#0 C:\laragon\www\dipa_tes\system\CodeIgniter.php(910): App\Controllers\Tes->bilangan_prima()
#1 C:\laragon\www\dipa_tes\system\CodeIgniter.php(398): CodeIgniter\CodeIgniter->runController(Object(App\Controllers\Tes))
#2 C:\laragon\www\dipa_tes\system\CodeIgniter.php(306): CodeIgniter\CodeIgniter->handleRequest(NULL, Object(Config\Cache), false)
#3 C:\laragon\www\dipa_tes\public\index.php(45): CodeIgniter\CodeIgniter->run()
#4 C:\laragon\www\dipa_tes\system\Commands\Server\rewrite.php(34): require_once('C:\\laragon\\www\\...')
#5 {main}
CRITICAL - 2021-07-21 01:00:41 --> Call to undefined function App\Controllers\isPrime()
#0 C:\laragon\www\dipa_tes\system\CodeIgniter.php(910): App\Controllers\Tes->bilangan_prima()
#1 C:\laragon\www\dipa_tes\system\CodeIgniter.php(398): CodeIgniter\CodeIgniter->runController(Object(App\Controllers\Tes))
#2 C:\laragon\www\dipa_tes\system\CodeIgniter.php(306): CodeIgniter\CodeIgniter->handleRequest(NULL, Object(Config\Cache), false)
#3 C:\laragon\www\dipa_tes\public\index.php(45): CodeIgniter\CodeIgniter->run()
#4 C:\laragon\www\dipa_tes\system\Commands\Server\rewrite.php(34): require_once('C:\\laragon\\www\\...')
#5 {main}
CRITICAL - 2021-07-21 01:00:44 --> Call to undefined function App\Controllers\isPrime()
#0 C:\laragon\www\dipa_tes\system\CodeIgniter.php(910): App\Controllers\Tes->bilangan_prima()
#1 C:\laragon\www\dipa_tes\system\CodeIgniter.php(398): CodeIgniter\CodeIgniter->runController(Object(App\Controllers\Tes))
#2 C:\laragon\www\dipa_tes\system\CodeIgniter.php(306): CodeIgniter\CodeIgniter->handleRequest(NULL, Object(Config\Cache), false)
#3 C:\laragon\www\dipa_tes\public\index.php(45): CodeIgniter\CodeIgniter->run()
#4 C:\laragon\www\dipa_tes\system\Commands\Server\rewrite.php(34): require_once('C:\\laragon\\www\\...')
#5 {main}
CRITICAL - 2021-07-21 01:01:34 --> Call to undefined function App\Controllers\isPrime()
#0 C:\laragon\www\dipa_tes\system\CodeIgniter.php(910): App\Controllers\Tes->bilangan_prima()
#1 C:\laragon\www\dipa_tes\system\CodeIgniter.php(398): CodeIgniter\CodeIgniter->runController(Object(App\Controllers\Tes))
#2 C:\laragon\www\dipa_tes\system\CodeIgniter.php(306): CodeIgniter\CodeIgniter->handleRequest(NULL, Object(Config\Cache), false)
#3 C:\laragon\www\dipa_tes\public\index.php(45): CodeIgniter\CodeIgniter->run()
#4 C:\laragon\www\dipa_tes\system\Commands\Server\rewrite.php(34): require_once('C:\\laragon\\www\\...')
#5 {main}
CRITICAL - 2021-07-21 01:01:50 --> Call to undefined function App\Controllers\isPrime()
#0 C:\laragon\www\dipa_tes\system\CodeIgniter.php(910): App\Controllers\Tes->bilangan_prima()
#1 C:\laragon\www\dipa_tes\system\CodeIgniter.php(398): CodeIgniter\CodeIgniter->runController(Object(App\Controllers\Tes))
#2 C:\laragon\www\dipa_tes\system\CodeIgniter.php(306): CodeIgniter\CodeIgniter->handleRequest(NULL, Object(Config\Cache), false)
#3 C:\laragon\www\dipa_tes\public\index.php(45): CodeIgniter\CodeIgniter->run()
#4 C:\laragon\www\dipa_tes\system\Commands\Server\rewrite.php(34): require_once('C:\\laragon\\www\\...')
#5 {main}
CRITICAL - 2021-07-21 01:01:56 --> Call to undefined function App\Controllers\isPrime()
#0 C:\laragon\www\dipa_tes\system\CodeIgniter.php(910): App\Controllers\Tes->bilangan_prima()
#1 C:\laragon\www\dipa_tes\system\CodeIgniter.php(398): CodeIgniter\CodeIgniter->runController(Object(App\Controllers\Tes))
#2 C:\laragon\www\dipa_tes\system\CodeIgniter.php(306): CodeIgniter\CodeIgniter->handleRequest(NULL, Object(Config\Cache), false)
#3 C:\laragon\www\dipa_tes\public\index.php(45): CodeIgniter\CodeIgniter->run()
#4 C:\laragon\www\dipa_tes\system\Commands\Server\rewrite.php(34): require_once('C:\\laragon\\www\\...')
#5 {main}
CRITICAL - 2021-07-21 01:02:10 --> Call to undefined function App\Controllers\isPrime()
#0 C:\laragon\www\dipa_tes\system\CodeIgniter.php(910): App\Controllers\Tes->bilangan_prima()
#1 C:\laragon\www\dipa_tes\system\CodeIgniter.php(398): CodeIgniter\CodeIgniter->runController(Object(App\Controllers\Tes))
#2 C:\laragon\www\dipa_tes\system\CodeIgniter.php(306): CodeIgniter\CodeIgniter->handleRequest(NULL, Object(Config\Cache), false)
#3 C:\laragon\www\dipa_tes\public\index.php(45): CodeIgniter\CodeIgniter->run()
#4 C:\laragon\www\dipa_tes\system\Commands\Server\rewrite.php(34): require_once('C:\\laragon\\www\\...')
#5 {main}
CRITICAL - 2021-07-21 01:30:08 --> Table 'dipa_tes.category' doesn't exist
#0 C:\laragon\www\dipa_tes\system\Database\MySQLi\Connection.php(330): mysqli->query('SELECT *\nFROM `...')
#1 C:\laragon\www\dipa_tes\system\Database\BaseConnection.php(738): CodeIgniter\Database\MySQLi\Connection->execute('SELECT *\nFROM `...')
#2 C:\laragon\www\dipa_tes\system\Database\BaseConnection.php(666): CodeIgniter\Database\BaseConnection->simpleQuery('SELECT *\nFROM `...')
#3 C:\laragon\www\dipa_tes\system\Database\BaseBuilder.php(1819): CodeIgniter\Database\BaseConnection->query('SELECT *\nFROM `...', Array, false)
#4 C:\laragon\www\dipa_tes\app\Models\Customer_model.php(11): CodeIgniter\Database\BaseBuilder->get()
#5 C:\laragon\www\dipa_tes\app\Controllers\Customer.php(12): App\Models\Customer_model->getCategory()
#6 C:\laragon\www\dipa_tes\system\CodeIgniter.php(910): App\Controllers\Customer->index()
#7 C:\laragon\www\dipa_tes\system\CodeIgniter.php(398): CodeIgniter\CodeIgniter->runController(Object(App\Controllers\Customer))
#8 C:\laragon\www\dipa_tes\system\CodeIgniter.php(306): CodeIgniter\CodeIgniter->handleRequest(NULL, Object(Config\Cache), false)
#9 C:\laragon\www\dipa_tes\public\index.php(45): CodeIgniter\CodeIgniter->run()
#10 C:\laragon\www\dipa_tes\system\Commands\Server\rewrite.php(34): require_once('C:\\laragon\\www\\...')
#11 {main}
CRITICAL - 2021-07-21 01:30:11 --> Table 'dipa_tes.category' doesn't exist
#0 C:\laragon\www\dipa_tes\system\Database\MySQLi\Connection.php(330): mysqli->query('SELECT *\nFROM `...')
#1 C:\laragon\www\dipa_tes\system\Database\BaseConnection.php(738): CodeIgniter\Database\MySQLi\Connection->execute('SELECT *\nFROM `...')
#2 C:\laragon\www\dipa_tes\system\Database\BaseConnection.php(666): CodeIgniter\Database\BaseConnection->simpleQuery('SELECT *\nFROM `...')
#3 C:\laragon\www\dipa_tes\system\Database\BaseBuilder.php(1819): CodeIgniter\Database\BaseConnection->query('SELECT *\nFROM `...', Array, false)
#4 C:\laragon\www\dipa_tes\app\Models\Customer_model.php(11): CodeIgniter\Database\BaseBuilder->get()
#5 C:\laragon\www\dipa_tes\app\Controllers\Customer.php(12): App\Models\Customer_model->getCategory()
#6 C:\laragon\www\dipa_tes\system\CodeIgniter.php(910): App\Controllers\Customer->index()
#7 C:\laragon\www\dipa_tes\system\CodeIgniter.php(398): CodeIgniter\CodeIgniter->runController(Object(App\Controllers\Customer))
#8 C:\laragon\www\dipa_tes\system\CodeIgniter.php(306): CodeIgniter\CodeIgniter->handleRequest(NULL, Object(Config\Cache), false)
#9 C:\laragon\www\dipa_tes\public\index.php(45): CodeIgniter\CodeIgniter->run()
#10 C:\laragon\www\dipa_tes\system\Commands\Server\rewrite.php(34): require_once('C:\\laragon\\www\\...')
#11 {main}
CRITICAL - 2021-07-21 01:30:12 --> Table 'dipa_tes.category' doesn't exist
#0 C:\laragon\www\dipa_tes\system\Database\MySQLi\Connection.php(330): mysqli->query('SELECT *\nFROM `...')
#1 C:\laragon\www\dipa_tes\system\Database\BaseConnection.php(738): CodeIgniter\Database\MySQLi\Connection->execute('SELECT *\nFROM `...')
#2 C:\laragon\www\dipa_tes\system\Database\BaseConnection.php(666): CodeIgniter\Database\BaseConnection->simpleQuery('SELECT *\nFROM `...')
#3 C:\laragon\www\dipa_tes\system\Database\BaseBuilder.php(1819): CodeIgniter\Database\BaseConnection->query('SELECT *\nFROM `...', Array, false)
#4 C:\laragon\www\dipa_tes\app\Models\Customer_model.php(11): CodeIgniter\Database\BaseBuilder->get()
#5 C:\laragon\www\dipa_tes\app\Controllers\Customer.php(12): App\Models\Customer_model->getCategory()
#6 C:\laragon\www\dipa_tes\system\CodeIgniter.php(910): App\Controllers\Customer->index()
#7 C:\laragon\www\dipa_tes\system\CodeIgniter.php(398): CodeIgniter\CodeIgniter->runController(Object(App\Controllers\Customer))
#8 C:\laragon\www\dipa_tes\system\CodeIgniter.php(306): CodeIgniter\CodeIgniter->handleRequest(NULL, Object(Config\Cache), false)
#9 C:\laragon\www\dipa_tes\public\index.php(45): CodeIgniter\CodeIgniter->run()
#10 C:\laragon\www\dipa_tes\system\Commands\Server\rewrite.php(34): require_once('C:\\laragon\\www\\...')
#11 {main}
CRITICAL - 2021-07-21 01:30:26 --> Table 'dipa_tes.category' doesn't exist
#0 C:\laragon\www\dipa_tes\system\Database\MySQLi\Connection.php(330): mysqli->query('SELECT *\nFROM `...')
#1 C:\laragon\www\dipa_tes\system\Database\BaseConnection.php(738): CodeIgniter\Database\MySQLi\Connection->execute('SELECT *\nFROM `...')
#2 C:\laragon\www\dipa_tes\system\Database\BaseConnection.php(666): CodeIgniter\Database\BaseConnection->simpleQuery('SELECT *\nFROM `...')
#3 C:\laragon\www\dipa_tes\system\Database\BaseBuilder.php(1819): CodeIgniter\Database\BaseConnection->query('SELECT *\nFROM `...', Array, false)
#4 C:\laragon\www\dipa_tes\app\Models\Customer_model.php(11): CodeIgniter\Database\BaseBuilder->get()
#5 C:\laragon\www\dipa_tes\app\Controllers\Customer.php(12): App\Models\Customer_model->getCategory()
#6 C:\laragon\www\dipa_tes\system\CodeIgniter.php(910): App\Controllers\Customer->index()
#7 C:\laragon\www\dipa_tes\system\CodeIgniter.php(398): CodeIgniter\CodeIgniter->runController(Object(App\Controllers\Customer))
#8 C:\laragon\www\dipa_tes\system\CodeIgniter.php(306): CodeIgniter\CodeIgniter->handleRequest(NULL, Object(Config\Cache), false)
#9 C:\laragon\www\dipa_tes\public\index.php(45): CodeIgniter\CodeIgniter->run()
#10 C:\laragon\www\dipa_tes\system\Commands\Server\rewrite.php(34): require_once('C:\\laragon\\www\\...')
#11 {main}
CRITICAL - 2021-07-21 01:30:27 --> Table 'dipa_tes.category' doesn't exist
#0 C:\laragon\www\dipa_tes\system\Database\MySQLi\Connection.php(330): mysqli->query('SELECT *\nFROM `...')
#1 C:\laragon\www\dipa_tes\system\Database\BaseConnection.php(738): CodeIgniter\Database\MySQLi\Connection->execute('SELECT *\nFROM `...')
#2 C:\laragon\www\dipa_tes\system\Database\BaseConnection.php(666): CodeIgniter\Database\BaseConnection->simpleQuery('SELECT *\nFROM `...')
#3 C:\laragon\www\dipa_tes\system\Database\BaseBuilder.php(1819): CodeIgniter\Database\BaseConnection->query('SELECT *\nFROM `...', Array, false)
#4 C:\laragon\www\dipa_tes\app\Models\Customer_model.php(11): CodeIgniter\Database\BaseBuilder->get()
#5 C:\laragon\www\dipa_tes\app\Controllers\Customer.php(12): App\Models\Customer_model->getCategory()
#6 C:\laragon\www\dipa_tes\system\CodeIgniter.php(910): App\Controllers\Customer->index()
#7 C:\laragon\www\dipa_tes\system\CodeIgniter.php(398): CodeIgniter\CodeIgniter->runController(Object(App\Controllers\Customer))
#8 C:\laragon\www\dipa_tes\system\CodeIgniter.php(306): CodeIgniter\CodeIgniter->handleRequest(NULL, Object(Config\Cache), false)
#9 C:\laragon\www\dipa_tes\public\index.php(45): CodeIgniter\CodeIgniter->run()
#10 C:\laragon\www\dipa_tes\system\Commands\Server\rewrite.php(34): require_once('C:\\laragon\\www\\...')
#11 {main}
CRITICAL - 2021-07-21 01:30:33 --> Table 'dipa_tes.category' doesn't exist
#0 C:\laragon\www\dipa_tes\system\Database\MySQLi\Connection.php(330): mysqli->query('SELECT *\nFROM `...')
#1 C:\laragon\www\dipa_tes\system\Database\BaseConnection.php(738): CodeIgniter\Database\MySQLi\Connection->execute('SELECT *\nFROM `...')
#2 C:\laragon\www\dipa_tes\system\Database\BaseConnection.php(666): CodeIgniter\Database\BaseConnection->simpleQuery('SELECT *\nFROM `...')
#3 C:\laragon\www\dipa_tes\system\Database\BaseBuilder.php(1819): CodeIgniter\Database\BaseConnection->query('SELECT *\nFROM `...', Array, false)
#4 C:\laragon\www\dipa_tes\app\Models\Customer_model.php(11): CodeIgniter\Database\BaseBuilder->get()
#5 C:\laragon\www\dipa_tes\app\Controllers\Customer.php(12): App\Models\Customer_model->getCategory()
#6 C:\laragon\www\dipa_tes\system\CodeIgniter.php(910): App\Controllers\Customer->index()
#7 C:\laragon\www\dipa_tes\system\CodeIgniter.php(398): CodeIgniter\CodeIgniter->runController(Object(App\Controllers\Customer))
#8 C:\laragon\www\dipa_tes\system\CodeIgniter.php(306): CodeIgniter\CodeIgniter->handleRequest(NULL, Object(Config\Cache), false)
#9 C:\laragon\www\dipa_tes\public\index.php(45): CodeIgniter\CodeIgniter->run()
#10 C:\laragon\www\dipa_tes\system\Commands\Server\rewrite.php(34): require_once('C:\\laragon\\www\\...')
#11 {main}
CRITICAL - 2021-07-21 01:30:34 --> Table 'dipa_tes.category' doesn't exist
#0 C:\laragon\www\dipa_tes\system\Database\MySQLi\Connection.php(330): mysqli->query('SELECT *\nFROM `...')
#1 C:\laragon\www\dipa_tes\system\Database\BaseConnection.php(738): CodeIgniter\Database\MySQLi\Connection->execute('SELECT *\nFROM `...')
#2 C:\laragon\www\dipa_tes\system\Database\BaseConnection.php(666): CodeIgniter\Database\BaseConnection->simpleQuery('SELECT *\nFROM `...')
#3 C:\laragon\www\dipa_tes\system\Database\BaseBuilder.php(1819): CodeIgniter\Database\BaseConnection->query('SELECT *\nFROM `...', Array, false)
#4 C:\laragon\www\dipa_tes\app\Models\Customer_model.php(11): CodeIgniter\Database\BaseBuilder->get()
#5 C:\laragon\www\dipa_tes\app\Controllers\Customer.php(12): App\Models\Customer_model->getCategory()
#6 C:\laragon\www\dipa_tes\system\CodeIgniter.php(910): App\Controllers\Customer->index()
#7 C:\laragon\www\dipa_tes\system\CodeIgniter.php(398): CodeIgniter\CodeIgniter->runController(Object(App\Controllers\Customer))
#8 C:\laragon\www\dipa_tes\system\CodeIgniter.php(306): CodeIgniter\CodeIgniter->handleRequest(NULL, Object(Config\Cache), false)
#9 C:\laragon\www\dipa_tes\public\index.php(45): CodeIgniter\CodeIgniter->run()
#10 C:\laragon\www\dipa_tes\system\Commands\Server\rewrite.php(34): require_once('C:\\laragon\\www\\...')
#11 {main}
CRITICAL - 2021-07-21 01:30:59 --> Table 'dipa_tes.category' doesn't exist
#0 C:\laragon\www\dipa_tes\system\Database\MySQLi\Connection.php(330): mysqli->query('SELECT *\nFROM `...')
#1 C:\laragon\www\dipa_tes\system\Database\BaseConnection.php(738): CodeIgniter\Database\MySQLi\Connection->execute('SELECT *\nFROM `...')
#2 C:\laragon\www\dipa_tes\system\Database\BaseConnection.php(666): CodeIgniter\Database\BaseConnection->simpleQuery('SELECT *\nFROM `...')
#3 C:\laragon\www\dipa_tes\system\Database\BaseBuilder.php(1819): CodeIgniter\Database\BaseConnection->query('SELECT *\nFROM `...', Array, false)
#4 C:\laragon\www\dipa_tes\app\Models\Customer_model.php(11): CodeIgniter\Database\BaseBuilder->get()
#5 C:\laragon\www\dipa_tes\app\Controllers\Customer.php(12): App\Models\Customer_model->getCategory()
#6 C:\laragon\www\dipa_tes\system\CodeIgniter.php(910): App\Controllers\Customer->index()
#7 C:\laragon\www\dipa_tes\system\CodeIgniter.php(398): CodeIgniter\CodeIgniter->runController(Object(App\Controllers\Customer))
#8 C:\laragon\www\dipa_tes\system\CodeIgniter.php(306): CodeIgniter\CodeIgniter->handleRequest(NULL, Object(Config\Cache), false)
#9 C:\laragon\www\dipa_tes\public\index.php(45): CodeIgniter\CodeIgniter->run()
#10 C:\laragon\www\dipa_tes\system\Commands\Server\rewrite.php(34): require_once('C:\\laragon\\www\\...')
#11 {main}
CRITICAL - 2021-07-21 01:31:00 --> Table 'dipa_tes.category' doesn't exist
#0 C:\laragon\www\dipa_tes\system\Database\MySQLi\Connection.php(330): mysqli->query('SELECT *\nFROM `...')
#1 C:\laragon\www\dipa_tes\system\Database\BaseConnection.php(738): CodeIgniter\Database\MySQLi\Connection->execute('SELECT *\nFROM `...')
#2 C:\laragon\www\dipa_tes\system\Database\BaseConnection.php(666): CodeIgniter\Database\BaseConnection->simpleQuery('SELECT *\nFROM `...')
#3 C:\laragon\www\dipa_tes\system\Database\BaseBuilder.php(1819): CodeIgniter\Database\BaseConnection->query('SELECT *\nFROM `...', Array, false)
#4 C:\laragon\www\dipa_tes\app\Models\Customer_model.php(11): CodeIgniter\Database\BaseBuilder->get()
#5 C:\laragon\www\dipa_tes\app\Controllers\Customer.php(12): App\Models\Customer_model->getCategory()
#6 C:\laragon\www\dipa_tes\system\CodeIgniter.php(910): App\Controllers\Customer->index()
#7 C:\laragon\www\dipa_tes\system\CodeIgniter.php(398): CodeIgniter\CodeIgniter->runController(Object(App\Controllers\Customer))
#8 C:\laragon\www\dipa_tes\system\CodeIgniter.php(306): CodeIgniter\CodeIgniter->handleRequest(NULL, Object(Config\Cache), false)
#9 C:\laragon\www\dipa_tes\public\index.php(45): CodeIgniter\CodeIgniter->run()
#10 C:\laragon\www\dipa_tes\system\Commands\Server\rewrite.php(34): require_once('C:\\laragon\\www\\...')
#11 {main}
CRITICAL - 2021-07-21 01:31:00 --> Table 'dipa_tes.category' doesn't exist
#0 C:\laragon\www\dipa_tes\system\Database\MySQLi\Connection.php(330): mysqli->query('SELECT *\nFROM `...')
#1 C:\laragon\www\dipa_tes\system\Database\BaseConnection.php(738): CodeIgniter\Database\MySQLi\Connection->execute('SELECT *\nFROM `...')
#2 C:\laragon\www\dipa_tes\system\Database\BaseConnection.php(666): CodeIgniter\Database\BaseConnection->simpleQuery('SELECT *\nFROM `...')
#3 C:\laragon\www\dipa_tes\system\Database\BaseBuilder.php(1819): CodeIgniter\Database\BaseConnection->query('SELECT *\nFROM `...', Array, false)
#4 C:\laragon\www\dipa_tes\app\Models\Customer_model.php(11): CodeIgniter\Database\BaseBuilder->get()
#5 C:\laragon\www\dipa_tes\app\Controllers\Customer.php(12): App\Models\Customer_model->getCategory()
#6 C:\laragon\www\dipa_tes\system\CodeIgniter.php(910): App\Controllers\Customer->index()
#7 C:\laragon\www\dipa_tes\system\CodeIgniter.php(398): CodeIgniter\CodeIgniter->runController(Object(App\Controllers\Customer))
#8 C:\laragon\www\dipa_tes\system\CodeIgniter.php(306): CodeIgniter\CodeIgniter->handleRequest(NULL, Object(Config\Cache), false)
#9 C:\laragon\www\dipa_tes\public\index.php(45): CodeIgniter\CodeIgniter->run()
#10 C:\laragon\www\dipa_tes\system\Commands\Server\rewrite.php(34): require_once('C:\\laragon\\www\\...')
#11 {main}
CRITICAL - 2021-07-21 01:31:08 --> Table 'dipa_tes.category' doesn't exist
#0 C:\laragon\www\dipa_tes\system\Database\MySQLi\Connection.php(330): mysqli->query('SELECT *\nFROM `...')
#1 C:\laragon\www\dipa_tes\system\Database\BaseConnection.php(738): CodeIgniter\Database\MySQLi\Connection->execute('SELECT *\nFROM `...')
#2 C:\laragon\www\dipa_tes\system\Database\BaseConnection.php(666): CodeIgniter\Database\BaseConnection->simpleQuery('SELECT *\nFROM `...')
#3 C:\laragon\www\dipa_tes\system\Database\BaseBuilder.php(1819): CodeIgniter\Database\BaseConnection->query('SELECT *\nFROM `...', Array, false)
#4 C:\laragon\www\dipa_tes\app\Models\Customer_model.php(11): CodeIgniter\Database\BaseBuilder->get()
#5 C:\laragon\www\dipa_tes\app\Controllers\Customer.php(12): App\Models\Customer_model->getCategory()
#6 C:\laragon\www\dipa_tes\system\CodeIgniter.php(910): App\Controllers\Customer->index()
#7 C:\laragon\www\dipa_tes\system\CodeIgniter.php(398): CodeIgniter\CodeIgniter->runController(Object(App\Controllers\Customer))
#8 C:\laragon\www\dipa_tes\system\CodeIgniter.php(306): CodeIgniter\CodeIgniter->handleRequest(NULL, Object(Config\Cache), false)
#9 C:\laragon\www\dipa_tes\public\index.php(45): CodeIgniter\CodeIgniter->run()
#10 C:\laragon\www\dipa_tes\system\Commands\Server\rewrite.php(34): require_once('C:\\laragon\\www\\...')
#11 {main}
CRITICAL - 2021-07-21 02:10:33 --> Call to undefined method CodeIgniter\View\View::soal_satu()
#0 C:\laragon\www\dipa_tes\system\View\View.php(236): include()
#1 C:\laragon\www\dipa_tes\system\Common.php(1071): CodeIgniter\View\View->render('data_tes_view', Array, true)
#2 C:\laragon\www\dipa_tes\app\Controllers\Tes.php(9): view('data_tes_view')
#3 C:\laragon\www\dipa_tes\system\CodeIgniter.php(910): App\Controllers\Tes->index()
#4 C:\laragon\www\dipa_tes\system\CodeIgniter.php(398): CodeIgniter\CodeIgniter->runController(Object(App\Controllers\Tes))
#5 C:\laragon\www\dipa_tes\system\CodeIgniter.php(306): CodeIgniter\CodeIgniter->handleRequest(NULL, Object(Config\Cache), false)
#6 C:\laragon\www\dipa_tes\public\index.php(45): CodeIgniter\CodeIgniter->run()
#7 C:\laragon\www\dipa_tes\system\Commands\Server\rewrite.php(34): require_once('C:\\laragon\\www\\...')
#8 {main}
CRITICAL - 2021-07-21 02:10:33 --> Call to undefined method CodeIgniter\View\View::soal_satu()
#0 C:\laragon\www\dipa_tes\system\View\View.php(236): include()
#1 C:\laragon\www\dipa_tes\system\Common.php(1071): CodeIgniter\View\View->render('data_tes_view', Array, true)
#2 C:\laragon\www\dipa_tes\app\Controllers\Tes.php(9): view('data_tes_view')
#3 C:\laragon\www\dipa_tes\system\CodeIgniter.php(910): App\Controllers\Tes->index()
#4 C:\laragon\www\dipa_tes\system\CodeIgniter.php(398): CodeIgniter\CodeIgniter->runController(Object(App\Controllers\Tes))
#5 C:\laragon\www\dipa_tes\system\CodeIgniter.php(306): CodeIgniter\CodeIgniter->handleRequest(NULL, Object(Config\Cache), false)
#6 C:\laragon\www\dipa_tes\public\index.php(45): CodeIgniter\CodeIgniter->run()
#7 C:\laragon\www\dipa_tes\system\Commands\Server\rewrite.php(34): require_once('C:\\laragon\\www\\...')
#8 {main}
CRITICAL - 2021-07-21 02:10:34 --> Call to undefined method CodeIgniter\View\View::soal_satu()
#0 C:\laragon\www\dipa_tes\system\View\View.php(236): include()
#1 C:\laragon\www\dipa_tes\system\Common.php(1071): CodeIgniter\View\View->render('data_tes_view', Array, true)
#2 C:\laragon\www\dipa_tes\app\Controllers\Tes.php(9): view('data_tes_view')
#3 C:\laragon\www\dipa_tes\system\CodeIgniter.php(910): App\Controllers\Tes->index()
#4 C:\laragon\www\dipa_tes\system\CodeIgniter.php(398): CodeIgniter\CodeIgniter->runController(Object(App\Controllers\Tes))
#5 C:\laragon\www\dipa_tes\system\CodeIgniter.php(306): CodeIgniter\CodeIgniter->handleRequest(NULL, Object(Config\Cache), false)
#6 C:\laragon\www\dipa_tes\public\index.php(45): CodeIgniter\CodeIgniter->run()
#7 C:\laragon\www\dipa_tes\system\Commands\Server\rewrite.php(34): require_once('C:\\laragon\\www\\...')
#8 {main}
CRITICAL - 2021-07-21 02:37:04 --> Invalid argument supplied for foreach()
#0 C:\laragon\www\dipa_tes\app\Controllers\Tes.php(39): CodeIgniter\Debug\Exceptions->errorHandler(2, 'Invalid argumen...', 'C:\\laragon\\www\\...', 39, Array)
#1 C:\laragon\www\dipa_tes\system\CodeIgniter.php(910): App\Controllers\Tes->soal_dua()
#2 C:\laragon\www\dipa_tes\system\CodeIgniter.php(398): CodeIgniter\CodeIgniter->runController(Object(App\Controllers\Tes))
#3 C:\laragon\www\dipa_tes\system\CodeIgniter.php(306): CodeIgniter\CodeIgniter->handleRequest(NULL, Object(Config\Cache), false)
#4 C:\laragon\www\dipa_tes\public\index.php(45): CodeIgniter\CodeIgniter->run()
#5 C:\laragon\www\dipa_tes\system\Commands\Server\rewrite.php(34): require_once('C:\\laragon\\www\\...')
#6 {main}
CRITICAL - 2021-07-21 03:27:54 --> A non-numeric value encountered
#0 C:\laragon\www\dipa_tes\app\Controllers\Tes.php(38): CodeIgniter\Debug\Exceptions->errorHandler(2, 'A non-numeric v...', 'C:\\laragon\\www\\...', 38, Array)
#1 C:\laragon\www\dipa_tes\system\CodeIgniter.php(910): App\Controllers\Tes->soal_tiga()
#2 C:\laragon\www\dipa_tes\system\CodeIgniter.php(398): CodeIgniter\CodeIgniter->runController(Object(App\Controllers\Tes))
#3 C:\laragon\www\dipa_tes\system\CodeIgniter.php(306): CodeIgniter\CodeIgniter->handleRequest(NULL, Object(Config\Cache), false)
#4 C:\laragon\www\dipa_tes\public\index.php(45): CodeIgniter\CodeIgniter->run()
#5 C:\laragon\www\dipa_tes\system\Commands\Server\rewrite.php(34): require_once('C:\\laragon\\www\\...')
#6 {main}
CRITICAL - 2021-07-21 03:27:54 --> A non-numeric value encountered
#0 C:\laragon\www\dipa_tes\app\Controllers\Tes.php(38): CodeIgniter\Debug\Exceptions->errorHandler(2, 'A non-numeric v...', 'C:\\laragon\\www\\...', 38, Array)
#1 C:\laragon\www\dipa_tes\system\CodeIgniter.php(910): App\Controllers\Tes->soal_tiga()
#2 C:\laragon\www\dipa_tes\system\CodeIgniter.php(398): CodeIgniter\CodeIgniter->runController(Object(App\Controllers\Tes))
#3 C:\laragon\www\dipa_tes\system\CodeIgniter.php(306): CodeIgniter\CodeIgniter->handleRequest(NULL, Object(Config\Cache), false)
#4 C:\laragon\www\dipa_tes\public\index.php(45): CodeIgniter\CodeIgniter->run()
#5 C:\laragon\www\dipa_tes\system\Commands\Server\rewrite.php(34): require_once('C:\\laragon\\www\\...')
#6 {main}
CRITICAL - 2021-07-21 03:27:55 --> A non-numeric value encountered
#0 C:\laragon\www\dipa_tes\app\Controllers\Tes.php(38): CodeIgniter\Debug\Exceptions->errorHandler(2, 'A non-numeric v...', 'C:\\laragon\\www\\...', 38, Array)
#1 C:\laragon\www\dipa_tes\system\CodeIgniter.php(910): App\Controllers\Tes->soal_tiga()
#2 C:\laragon\www\dipa_tes\system\CodeIgniter.php(398): CodeIgniter\CodeIgniter->runController(Object(App\Controllers\Tes))
#3 C:\laragon\www\dipa_tes\system\CodeIgniter.php(306): CodeIgniter\CodeIgniter->handleRequest(NULL, Object(Config\Cache), false)
#4 C:\laragon\www\dipa_tes\public\index.php(45): CodeIgniter\CodeIgniter->run()
#5 C:\laragon\www\dipa_tes\system\Commands\Server\rewrite.php(34): require_once('C:\\laragon\\www\\...')
#6 {main}
CRITICAL - 2021-07-21 03:27:55 --> A non-numeric value encountered
#0 C:\laragon\www\dipa_tes\app\Controllers\Tes.php(38): CodeIgniter\Debug\Exceptions->errorHandler(2, 'A non-numeric v...', 'C:\\laragon\\www\\...', 38, Array)
#1 C:\laragon\www\dipa_tes\system\CodeIgniter.php(910): App\Controllers\Tes->soal_tiga()
#2 C:\laragon\www\dipa_tes\system\CodeIgniter.php(398): CodeIgniter\CodeIgniter->runController(Object(App\Controllers\Tes))
#3 C:\laragon\www\dipa_tes\system\CodeIgniter.php(306): CodeIgniter\CodeIgniter->handleRequest(NULL, Object(Config\Cache), false)
#4 C:\laragon\www\dipa_tes\public\index.php(45): CodeIgniter\CodeIgniter->run()
#5 C:\laragon\www\dipa_tes\system\Commands\Server\rewrite.php(34): require_once('C:\\laragon\\www\\...')
#6 {main}
CRITICAL - 2021-07-21 03:27:55 --> A non-numeric value encountered
#0 C:\laragon\www\dipa_tes\app\Controllers\Tes.php(38): CodeIgniter\Debug\Exceptions->errorHandler(2, 'A non-numeric v...', 'C:\\laragon\\www\\...', 38, Array)
#1 C:\laragon\www\dipa_tes\system\CodeIgniter.php(910): App\Controllers\Tes->soal_tiga()
#2 C:\laragon\www\dipa_tes\system\CodeIgniter.php(398): CodeIgniter\CodeIgniter->runController(Object(App\Controllers\Tes))
#3 C:\laragon\www\dipa_tes\system\CodeIgniter.php(306): CodeIgniter\CodeIgniter->handleRequest(NULL, Object(Config\Cache), false)
#4 C:\laragon\www\dipa_tes\public\index.php(45): CodeIgniter\CodeIgniter->run()
#5 C:\laragon\www\dipa_tes\system\Commands\Server\rewrite.php(34): require_once('C:\\laragon\\www\\...')
#6 {main}
CRITICAL - 2021-07-21 03:27:55 --> A non-numeric value encountered
#0 C:\laragon\www\dipa_tes\app\Controllers\Tes.php(38): CodeIgniter\Debug\Exceptions->errorHandler(2, 'A non-numeric v...', 'C:\\laragon\\www\\...', 38, Array)
#1 C:\laragon\www\dipa_tes\system\CodeIgniter.php(910): App\Controllers\Tes->soal_tiga()
#2 C:\laragon\www\dipa_tes\system\CodeIgniter.php(398): CodeIgniter\CodeIgniter->runController(Object(App\Controllers\Tes))
#3 C:\laragon\www\dipa_tes\system\CodeIgniter.php(306): CodeIgniter\CodeIgniter->handleRequest(NULL, Object(Config\Cache), false)
#4 C:\laragon\www\dipa_tes\public\index.php(45): CodeIgniter\CodeIgniter->run()
#5 C:\laragon\www\dipa_tes\system\Commands\Server\rewrite.php(34): require_once('C:\\laragon\\www\\...')
#6 {main}
CRITICAL - 2021-07-21 03:27:56 --> A non-numeric value encountered
#0 C:\laragon\www\dipa_tes\app\Controllers\Tes.php(38): CodeIgniter\Debug\Exceptions->errorHandler(2, 'A non-numeric v...', 'C:\\laragon\\www\\...', 38, Array)
#1 C:\laragon\www\dipa_tes\system\CodeIgniter.php(910): App\Controllers\Tes->soal_tiga()
#2 C:\laragon\www\dipa_tes\system\CodeIgniter.php(398): CodeIgniter\CodeIgniter->runController(Object(App\Controllers\Tes))
#3 C:\laragon\www\dipa_tes\system\CodeIgniter.php(306): CodeIgniter\CodeIgniter->handleRequest(NULL, Object(Config\Cache), false)
#4 C:\laragon\www\dipa_tes\public\index.php(45): CodeIgniter\CodeIgniter->run()
#5 C:\laragon\www\dipa_tes\system\Commands\Server\rewrite.php(34): require_once('C:\\laragon\\www\\...')
#6 {main}
CRITICAL - 2021-07-21 03:27:56 --> A non-numeric value encountered
#0 C:\laragon\www\dipa_tes\app\Controllers\Tes.php(38): CodeIgniter\Debug\Exceptions->errorHandler(2, 'A non-numeric v...', 'C:\\laragon\\www\\...', 38, Array)
#1 C:\laragon\www\dipa_tes\system\CodeIgniter.php(910): App\Controllers\Tes->soal_tiga()
#2 C:\laragon\www\dipa_tes\system\CodeIgniter.php(398): CodeIgniter\CodeIgniter->runController(Object(App\Controllers\Tes))
#3 C:\laragon\www\dipa_tes\system\CodeIgniter.php(306): CodeIgniter\CodeIgniter->handleRequest(NULL, Object(Config\Cache), false)
#4 C:\laragon\www\dipa_tes\public\index.php(45): CodeIgniter\CodeIgniter->run()
#5 C:\laragon\www\dipa_tes\system\Commands\Server\rewrite.php(34): require_once('C:\\laragon\\www\\...')
#6 {main}
CRITICAL - 2021-07-21 03:27:56 --> A non-numeric value encountered
#0 C:\laragon\www\dipa_tes\app\Controllers\Tes.php(38): CodeIgniter\Debug\Exceptions->errorHandler(2, 'A non-numeric v...', 'C:\\laragon\\www\\...', 38, Array)
#1 C:\laragon\www\dipa_tes\system\CodeIgniter.php(910): App\Controllers\Tes->soal_tiga()
#2 C:\laragon\www\dipa_tes\system\CodeIgniter.php(398): CodeIgniter\CodeIgniter->runController(Object(App\Controllers\Tes))
#3 C:\laragon\www\dipa_tes\system\CodeIgniter.php(306): CodeIgniter\CodeIgniter->handleRequest(NULL, Object(Config\Cache), false)
#4 C:\laragon\www\dipa_tes\public\index.php(45): CodeIgniter\CodeIgniter->run()
#5 C:\laragon\www\dipa_tes\system\Commands\Server\rewrite.php(34): require_once('C:\\laragon\\www\\...')
#6 {main}
CRITICAL - 2021-07-21 03:27:56 --> A non-numeric value encountered
#0 C:\laragon\www\dipa_tes\app\Controllers\Tes.php(38): CodeIgniter\Debug\Exceptions->errorHandler(2, 'A non-numeric v...', 'C:\\laragon\\www\\...', 38, Array)
#1 C:\laragon\www\dipa_tes\system\CodeIgniter.php(910): App\Controllers\Tes->soal_tiga()
#2 C:\laragon\www\dipa_tes\system\CodeIgniter.php(398): CodeIgniter\CodeIgniter->runController(Object(App\Controllers\Tes))
#3 C:\laragon\www\dipa_tes\system\CodeIgniter.php(306): CodeIgniter\CodeIgniter->handleRequest(NULL, Object(Config\Cache), false)
#4 C:\laragon\www\dipa_tes\public\index.php(45): CodeIgniter\CodeIgniter->run()
#5 C:\laragon\www\dipa_tes\system\Commands\Server\rewrite.php(34): require_once('C:\\laragon\\www\\...')
#6 {main}
CRITICAL - 2021-07-21 03:27:56 --> A non-numeric value encountered
#0 C:\laragon\www\dipa_tes\app\Controllers\Tes.php(38): CodeIgniter\Debug\Exceptions->errorHandler(2, 'A non-numeric v...', 'C:\\laragon\\www\\...', 38, Array)
#1 C:\laragon\www\dipa_tes\system\CodeIgniter.php(910): App\Controllers\Tes->soal_tiga()
#2 C:\laragon\www\dipa_tes\system\CodeIgniter.php(398): CodeIgniter\CodeIgniter->runController(Object(App\Controllers\Tes))
#3 C:\laragon\www\dipa_tes\system\CodeIgniter.php(306): CodeIgniter\CodeIgniter->handleRequest(NULL, Object(Config\Cache), false)
#4 C:\laragon\www\dipa_tes\public\index.php(45): CodeIgniter\CodeIgniter->run()
#5 C:\laragon\www\dipa_tes\system\Commands\Server\rewrite.php(34): require_once('C:\\laragon\\www\\...')
#6 {main}
CRITICAL - 2021-07-21 03:27:58 --> A non-numeric value encountered
#0 C:\laragon\www\dipa_tes\app\Controllers\Tes.php(38): CodeIgniter\Debug\Exceptions->errorHandler(2, 'A non-numeric v...', 'C:\\laragon\\www\\...', 38, Array)
#1 C:\laragon\www\dipa_tes\system\CodeIgniter.php(910): App\Controllers\Tes->soal_tiga()
#2 C:\laragon\www\dipa_tes\system\CodeIgniter.php(398): CodeIgniter\CodeIgniter->runController(Object(App\Controllers\Tes))
#3 C:\laragon\www\dipa_tes\system\CodeIgniter.php(306): CodeIgniter\CodeIgniter->handleRequest(NULL, Object(Config\Cache), false)
#4 C:\laragon\www\dipa_tes\public\index.php(45): CodeIgniter\CodeIgniter->run()
#5 C:\laragon\www\dipa_tes\system\Commands\Server\rewrite.php(34): require_once('C:\\laragon\\www\\...')
#6 {main}
CRITICAL - 2021-07-21 03:27:58 --> A non-numeric value encountered
#0 C:\laragon\www\dipa_tes\app\Controllers\Tes.php(38): CodeIgniter\Debug\Exceptions->errorHandler(2, 'A non-numeric v...', 'C:\\laragon\\www\\...', 38, Array)
#1 C:\laragon\www\dipa_tes\system\CodeIgniter.php(910): App\Controllers\Tes->soal_tiga()
#2 C:\laragon\www\dipa_tes\system\CodeIgniter.php(398): CodeIgniter\CodeIgniter->runController(Object(App\Controllers\Tes))
#3 C:\laragon\www\dipa_tes\system\CodeIgniter.php(306): CodeIgniter\CodeIgniter->handleRequest(NULL, Object(Config\Cache), false)
#4 C:\laragon\www\dipa_tes\public\index.php(45): CodeIgniter\CodeIgniter->run()
#5 C:\laragon\www\dipa_tes\system\Commands\Server\rewrite.php(34): require_once('C:\\laragon\\www\\...')
#6 {main}
CRITICAL - 2021-07-21 03:27:58 --> A non-numeric value encountered
#0 C:\laragon\www\dipa_tes\app\Controllers\Tes.php(38): CodeIgniter\Debug\Exceptions->errorHandler(2, 'A non-numeric v...', 'C:\\laragon\\www\\...', 38, Array)
#1 C:\laragon\www\dipa_tes\system\CodeIgniter.php(910): App\Controllers\Tes->soal_tiga()
#2 C:\laragon\www\dipa_tes\system\CodeIgniter.php(398): CodeIgniter\CodeIgniter->runController(Object(App\Controllers\Tes))
#3 C:\laragon\www\dipa_tes\system\CodeIgniter.php(306): CodeIgniter\CodeIgniter->handleRequest(NULL, Object(Config\Cache), false)
#4 C:\laragon\www\dipa_tes\public\index.php(45): CodeIgniter\CodeIgniter->run()
#5 C:\laragon\www\dipa_tes\system\Commands\Server\rewrite.php(34): require_once('C:\\laragon\\www\\...')
#6 {main}
CRITICAL - 2021-07-21 03:27:58 --> A non-numeric value encountered
#0 C:\laragon\www\dipa_tes\app\Controllers\Tes.php(38): CodeIgniter\Debug\Exceptions->errorHandler(2, 'A non-numeric v...', 'C:\\laragon\\www\\...', 38, Array)
#1 C:\laragon\www\dipa_tes\system\CodeIgniter.php(910): App\Controllers\Tes->soal_tiga()
#2 C:\laragon\www\dipa_tes\system\CodeIgniter.php(398): CodeIgniter\CodeIgniter->runController(Object(App\Controllers\Tes))
#3 C:\laragon\www\dipa_tes\system\CodeIgniter.php(306): CodeIgniter\CodeIgniter->handleRequest(NULL, Object(Config\Cache), false)
#4 C:\laragon\www\dipa_tes\public\index.php(45): CodeIgniter\CodeIgniter->run()
#5 C:\laragon\www\dipa_tes\system\Commands\Server\rewrite.php(34): require_once('C:\\laragon\\www\\...')
#6 {main}
CRITICAL - 2021-07-21 03:27:59 --> A non-numeric value encountered
#0 C:\laragon\www\dipa_tes\app\Controllers\Tes.php(38): CodeIgniter\Debug\Exceptions->errorHandler(2, 'A non-numeric v...', 'C:\\laragon\\www\\...', 38, Array)
#1 C:\laragon\www\dipa_tes\system\CodeIgniter.php(910): App\Controllers\Tes->soal_tiga()
#2 C:\laragon\www\dipa_tes\system\CodeIgniter.php(398): CodeIgniter\CodeIgniter->runController(Object(App\Controllers\Tes))
#3 C:\laragon\www\dipa_tes\system\CodeIgniter.php(306): CodeIgniter\CodeIgniter->handleRequest(NULL, Object(Config\Cache), false)
#4 C:\laragon\www\dipa_tes\public\index.php(45): CodeIgniter\CodeIgniter->run()
#5 C:\laragon\www\dipa_tes\system\Commands\Server\rewrite.php(34): require_once('C:\\laragon\\www\\...')
#6 {main}
