CRITICAL - 2021-07-20 22:34:13 --> Class 'App\Controllers\Product_model' not found
#0 C:\laragon\www\dipa_tes\system\CodeIgniter.php(910): App\Controllers\Customer->index()
#1 C:\laragon\www\dipa_tes\system\CodeIgniter.php(398): CodeIgniter\CodeIgniter->runController(Object(App\Controllers\Customer))
#2 C:\laragon\www\dipa_tes\system\CodeIgniter.php(306): CodeIgniter\CodeIgniter->handleRequest(NULL, Object(Config\Cache), false)
#3 C:\laragon\www\dipa_tes\public\index.php(45): CodeIgniter\CodeIgniter->run()
#4 C:\laragon\www\dipa_tes\system\Commands\Server\rewrite.php(34): require_once('C:\\laragon\\www\\...')
#5 {main}
CRITICAL - 2021-07-20 22:34:40 --> Class 'App\Controllers\Product_model' not found
#0 C:\laragon\www\dipa_tes\system\CodeIgniter.php(910): App\Controllers\Customer->index()
#1 C:\laragon\www\dipa_tes\system\CodeIgniter.php(398): CodeIgniter\CodeIgniter->runController(Object(App\Controllers\Customer))
#2 C:\laragon\www\dipa_tes\system\CodeIgniter.php(306): CodeIgniter\CodeIgniter->handleRequest(NULL, Object(Config\Cache), false)
#3 C:\laragon\www\dipa_tes\public\index.php(45): CodeIgniter\CodeIgniter->run()
#4 C:\laragon\www\dipa_tes\system\Commands\Server\rewrite.php(34): require_once('C:\\laragon\\www\\...')
#5 {main}
CRITICAL - 2021-07-20 22:34:40 --> Class 'App\Controllers\Product_model' not found
#0 C:\laragon\www\dipa_tes\system\CodeIgniter.php(910): App\Controllers\Customer->index()
#1 C:\laragon\www\dipa_tes\system\CodeIgniter.php(398): CodeIgniter\CodeIgniter->runController(Object(App\Controllers\Customer))
#2 C:\laragon\www\dipa_tes\system\CodeIgniter.php(306): CodeIgniter\CodeIgniter->handleRequest(NULL, Object(Config\Cache), false)
#3 C:\laragon\www\dipa_tes\public\index.php(45): CodeIgniter\CodeIgniter->run()
#4 C:\laragon\www\dipa_tes\system\Commands\Server\rewrite.php(34): require_once('C:\\laragon\\www\\...')
#5 {main}
CRITICAL - 2021-07-20 22:34:40 --> Class 'App\Controllers\Product_model' not found
#0 C:\laragon\www\dipa_tes\system\CodeIgniter.php(910): App\Controllers\Customer->index()
#1 C:\laragon\www\dipa_tes\system\CodeIgniter.php(398): CodeIgniter\CodeIgniter->runController(Object(App\Controllers\Customer))
#2 C:\laragon\www\dipa_tes\system\CodeIgniter.php(306): CodeIgniter\CodeIgniter->handleRequest(NULL, Object(Config\Cache), false)
#3 C:\laragon\www\dipa_tes\public\index.php(45): CodeIgniter\CodeIgniter->run()
#4 C:\laragon\www\dipa_tes\system\Commands\Server\rewrite.php(34): require_once('C:\\laragon\\www\\...')
#5 {main}
CRITICAL - 2021-07-20 22:35:27 --> Class 'App\Controllers\Product_model' not found
#0 C:\laragon\www\dipa_tes\system\CodeIgniter.php(910): App\Controllers\Customer->index()
#1 C:\laragon\www\dipa_tes\system\CodeIgniter.php(398): CodeIgniter\CodeIgniter->runController(Object(App\Controllers\Customer))
#2 C:\laragon\www\dipa_tes\system\CodeIgniter.php(306): CodeIgniter\CodeIgniter->handleRequest(NULL, Object(Config\Cache), false)
#3 C:\laragon\www\dipa_tes\public\index.php(45): CodeIgniter\CodeIgniter->run()
#4 C:\laragon\www\dipa_tes\system\Commands\Server\rewrite.php(34): require_once('C:\\laragon\\www\\...')
#5 {main}
CRITICAL - 2021-07-20 22:35:39 --> Class 'App\Controllers\Product_model' not found
#0 C:\laragon\www\dipa_tes\system\CodeIgniter.php(910): App\Controllers\Customer->index()
#1 C:\laragon\www\dipa_tes\system\CodeIgniter.php(398): CodeIgniter\CodeIgniter->runController(Object(App\Controllers\Customer))
#2 C:\laragon\www\dipa_tes\system\CodeIgniter.php(306): CodeIgniter\CodeIgniter->handleRequest(NULL, Object(Config\Cache), false)
#3 C:\laragon\www\dipa_tes\public\index.php(45): CodeIgniter\CodeIgniter->run()
#4 C:\laragon\www\dipa_tes\system\Commands\Server\rewrite.php(34): require_once('C:\\laragon\\www\\...')
#5 {main}
CRITICAL - 2021-07-20 22:35:39 --> Class 'App\Controllers\Product_model' not found
#0 C:\laragon\www\dipa_tes\system\CodeIgniter.php(910): App\Controllers\Customer->index()
#1 C:\laragon\www\dipa_tes\system\CodeIgniter.php(398): CodeIgniter\CodeIgniter->runController(Object(App\Controllers\Customer))
#2 C:\laragon\www\dipa_tes\system\CodeIgniter.php(306): CodeIgniter\CodeIgniter->handleRequest(NULL, Object(Config\Cache), false)
#3 C:\laragon\www\dipa_tes\public\index.php(45): CodeIgniter\CodeIgniter->run()
#4 C:\laragon\www\dipa_tes\system\Commands\Server\rewrite.php(34): require_once('C:\\laragon\\www\\...')
#5 {main}
CRITICAL - 2021-07-20 22:36:03 --> Class 'App\Controllers\Product_model' not found
#0 C:\laragon\www\dipa_tes\system\CodeIgniter.php(910): App\Controllers\Customer->index()
#1 C:\laragon\www\dipa_tes\system\CodeIgniter.php(398): CodeIgniter\CodeIgniter->runController(Object(App\Controllers\Customer))
#2 C:\laragon\www\dipa_tes\system\CodeIgniter.php(306): CodeIgniter\CodeIgniter->handleRequest(NULL, Object(Config\Cache), false)
#3 C:\laragon\www\dipa_tes\public\index.php(45): CodeIgniter\CodeIgniter->run()
#4 C:\laragon\www\dipa_tes\system\Commands\Server\rewrite.php(34): require_once('C:\\laragon\\www\\...')
#5 {main}
CRITICAL - 2021-07-20 22:36:37 --> Class 'App\Controllers\Product_model' not found
#0 C:\laragon\www\dipa_tes\system\CodeIgniter.php(910): App\Controllers\Customer->index()
#1 C:\laragon\www\dipa_tes\system\CodeIgniter.php(398): CodeIgniter\CodeIgniter->runController(Object(App\Controllers\Customer))
#2 C:\laragon\www\dipa_tes\system\CodeIgniter.php(306): CodeIgniter\CodeIgniter->handleRequest(NULL, Object(Config\Cache), false)
#3 C:\laragon\www\dipa_tes\public\index.php(45): CodeIgniter\CodeIgniter->run()
#4 C:\laragon\www\dipa_tes\system\Commands\Server\rewrite.php(34): require_once('C:\\laragon\\www\\...')
#5 {main}
CRITICAL - 2021-07-20 22:36:41 --> Class 'App\Controllers\Product_model' not found
#0 C:\laragon\www\dipa_tes\system\CodeIgniter.php(910): App\Controllers\Customer->index()
#1 C:\laragon\www\dipa_tes\system\CodeIgniter.php(398): CodeIgniter\CodeIgniter->runController(Object(App\Controllers\Customer))
#2 C:\laragon\www\dipa_tes\system\CodeIgniter.php(306): CodeIgniter\CodeIgniter->handleRequest(NULL, Object(Config\Cache), false)
#3 C:\laragon\www\dipa_tes\public\index.php(45): CodeIgniter\CodeIgniter->run()
#4 C:\laragon\www\dipa_tes\system\Commands\Server\rewrite.php(34): require_once('C:\\laragon\\www\\...')
#5 {main}
CRITICAL - 2021-07-20 22:37:29 --> Class 'App\Controllers\Product_model' not found
#0 C:\laragon\www\dipa_tes\system\CodeIgniter.php(910): App\Controllers\Customer->index()
#1 C:\laragon\www\dipa_tes\system\CodeIgniter.php(398): CodeIgniter\CodeIgniter->runController(Object(App\Controllers\Customer))
#2 C:\laragon\www\dipa_tes\system\CodeIgniter.php(306): CodeIgniter\CodeIgniter->handleRequest(NULL, Object(Config\Cache), false)
#3 C:\laragon\www\dipa_tes\public\index.php(45): CodeIgniter\CodeIgniter->run()
#4 C:\laragon\www\dipa_tes\system\Commands\Server\rewrite.php(34): require_once('C:\\laragon\\www\\...')
#5 {main}
CRITICAL - 2021-07-20 22:49:56 --> Column 'product_category_id' cannot be null
#0 C:\laragon\www\dipa_tes\system\Database\MySQLi\Connection.php(330): mysqli->query('INSERT INTO `pr...')
#1 C:\laragon\www\dipa_tes\system\Database\BaseConnection.php(738): CodeIgniter\Database\MySQLi\Connection->execute('INSERT INTO `pr...')
#2 C:\laragon\www\dipa_tes\system\Database\BaseConnection.php(666): CodeIgniter\Database\BaseConnection->simpleQuery('INSERT INTO `pr...')
#3 C:\laragon\www\dipa_tes\system\Database\BaseBuilder.php(2206): CodeIgniter\Database\BaseConnection->query('INSERT INTO `pr...', Array, false)
#4 C:\laragon\www\dipa_tes\app\Models\Product_model.php(23): CodeIgniter\Database\BaseBuilder->insert(Array)
#5 C:\laragon\www\dipa_tes\app\Controllers\Product.php(24): App\Models\Product_model->saveProduct(Array)
#6 C:\laragon\www\dipa_tes\system\CodeIgniter.php(910): App\Controllers\Product->save()
#7 C:\laragon\www\dipa_tes\system\CodeIgniter.php(398): CodeIgniter\CodeIgniter->runController(Object(App\Controllers\Product))
#8 C:\laragon\www\dipa_tes\system\CodeIgniter.php(306): CodeIgniter\CodeIgniter->handleRequest(NULL, Object(Config\Cache), false)
#9 C:\laragon\www\dipa_tes\public\index.php(45): CodeIgniter\CodeIgniter->run()
#10 C:\laragon\www\dipa_tes\system\Commands\Server\rewrite.php(34): require_once('C:\\laragon\\www\\...')
#11 {main}
CRITICAL - 2021-07-20 22:58:47 --> Column 'product_category_id' cannot be null
#0 C:\laragon\www\dipa_tes\system\Database\MySQLi\Connection.php(330): mysqli->query('INSERT INTO `pr...')
#1 C:\laragon\www\dipa_tes\system\Database\BaseConnection.php(738): CodeIgniter\Database\MySQLi\Connection->execute('INSERT INTO `pr...')
#2 C:\laragon\www\dipa_tes\system\Database\BaseConnection.php(666): CodeIgniter\Database\BaseConnection->simpleQuery('INSERT INTO `pr...')
#3 C:\laragon\www\dipa_tes\system\Database\BaseBuilder.php(2206): CodeIgniter\Database\BaseConnection->query('INSERT INTO `pr...', Array, false)
#4 C:\laragon\www\dipa_tes\app\Models\Product_model.php(23): CodeIgniter\Database\BaseBuilder->insert(Array)
#5 C:\laragon\www\dipa_tes\app\Controllers\Product.php(24): App\Models\Product_model->saveProduct(Array)
#6 C:\laragon\www\dipa_tes\system\CodeIgniter.php(910): App\Controllers\Product->save()
#7 C:\laragon\www\dipa_tes\system\CodeIgniter.php(398): CodeIgniter\CodeIgniter->runController(Object(App\Controllers\Product))
#8 C:\laragon\www\dipa_tes\system\CodeIgniter.php(306): CodeIgniter\CodeIgniter->handleRequest(NULL, Object(Config\Cache), false)
#9 C:\laragon\www\dipa_tes\public\index.php(45): CodeIgniter\CodeIgniter->run()
#10 C:\laragon\www\dipa_tes\system\Commands\Server\rewrite.php(34): require_once('C:\\laragon\\www\\...')
#11 {main}
CRITICAL - 2021-07-20 22:58:51 --> Column 'product_category_id' cannot be null
#0 C:\laragon\www\dipa_tes\system\Database\MySQLi\Connection.php(330): mysqli->query('INSERT INTO `pr...')
#1 C:\laragon\www\dipa_tes\system\Database\BaseConnection.php(738): CodeIgniter\Database\MySQLi\Connection->execute('INSERT INTO `pr...')
#2 C:\laragon\www\dipa_tes\system\Database\BaseConnection.php(666): CodeIgniter\Database\BaseConnection->simpleQuery('INSERT INTO `pr...')
#3 C:\laragon\www\dipa_tes\system\Database\BaseBuilder.php(2206): CodeIgniter\Database\BaseConnection->query('INSERT INTO `pr...', Array, false)
#4 C:\laragon\www\dipa_tes\app\Models\Product_model.php(23): CodeIgniter\Database\BaseBuilder->insert(Array)
#5 C:\laragon\www\dipa_tes\app\Controllers\Product.php(24): App\Models\Product_model->saveProduct(Array)
#6 C:\laragon\www\dipa_tes\system\CodeIgniter.php(910): App\Controllers\Product->save()
#7 C:\laragon\www\dipa_tes\system\CodeIgniter.php(398): CodeIgniter\CodeIgniter->runController(Object(App\Controllers\Product))
#8 C:\laragon\www\dipa_tes\system\CodeIgniter.php(306): CodeIgniter\CodeIgniter->handleRequest(NULL, Object(Config\Cache), false)
#9 C:\laragon\www\dipa_tes\public\index.php(45): CodeIgniter\CodeIgniter->run()
#10 C:\laragon\www\dipa_tes\system\Commands\Server\rewrite.php(34): require_once('C:\\laragon\\www\\...')
#11 {main}
CRITICAL - 2021-07-20 22:59:15 --> Column 'product_category_id' cannot be null
#0 C:\laragon\www\dipa_tes\system\Database\MySQLi\Connection.php(330): mysqli->query('INSERT INTO `pr...')
#1 C:\laragon\www\dipa_tes\system\Database\BaseConnection.php(738): CodeIgniter\Database\MySQLi\Connection->execute('INSERT INTO `pr...')
#2 C:\laragon\www\dipa_tes\system\Database\BaseConnection.php(666): CodeIgniter\Database\BaseConnection->simpleQuery('INSERT INTO `pr...')
#3 C:\laragon\www\dipa_tes\system\Database\BaseBuilder.php(2206): CodeIgniter\Database\BaseConnection->query('INSERT INTO `pr...', Array, false)
#4 C:\laragon\www\dipa_tes\app\Models\Product_model.php(23): CodeIgniter\Database\BaseBuilder->insert(Array)
#5 C:\laragon\www\dipa_tes\app\Controllers\Product.php(24): App\Models\Product_model->saveProduct(Array)
#6 C:\laragon\www\dipa_tes\system\CodeIgniter.php(910): App\Controllers\Product->save()
#7 C:\laragon\www\dipa_tes\system\CodeIgniter.php(398): CodeIgniter\CodeIgniter->runController(Object(App\Controllers\Product))
#8 C:\laragon\www\dipa_tes\system\CodeIgniter.php(306): CodeIgniter\CodeIgniter->handleRequest(NULL, Object(Config\Cache), false)
#9 C:\laragon\www\dipa_tes\public\index.php(45): CodeIgniter\CodeIgniter->run()
#10 C:\laragon\www\dipa_tes\system\Commands\Server\rewrite.php(34): require_once('C:\\laragon\\www\\...')
#11 {main}
CRITICAL - 2021-07-20 23:25:51 --> Class 'App\Models\Alamat_model' not found
#0 C:\laragon\www\dipa_tes\system\CodeIgniter.php(910): App\Controllers\Alamat->index()
#1 C:\laragon\www\dipa_tes\system\CodeIgniter.php(398): CodeIgniter\CodeIgniter->runController(Object(App\Controllers\Alamat))
#2 C:\laragon\www\dipa_tes\system\CodeIgniter.php(306): CodeIgniter\CodeIgniter->handleRequest(NULL, Object(Config\Cache), false)
#3 C:\laragon\www\dipa_tes\public\index.php(45): CodeIgniter\CodeIgniter->run()
#4 C:\laragon\www\dipa_tes\system\Commands\Server\rewrite.php(34): require_once('C:\\laragon\\www\\...')
#5 {main}
CRITICAL - 2021-07-20 23:26:55 --> Invalid file: product_view.php
#0 C:\laragon\www\dipa_tes\system\View\View.php(224): CodeIgniter\Exceptions\FrameworkException::forInvalidFile('product_view.ph...')
#1 C:\laragon\www\dipa_tes\system\Common.php(1071): CodeIgniter\View\View->render('product_view', Array, true)
#2 C:\laragon\www\dipa_tes\app\Controllers\Alamat.php(13): view('product_view', Array)
#3 C:\laragon\www\dipa_tes\system\CodeIgniter.php(910): App\Controllers\Alamat->index()
#4 C:\laragon\www\dipa_tes\system\CodeIgniter.php(398): CodeIgniter\CodeIgniter->runController(Object(App\Controllers\Alamat))
#5 C:\laragon\www\dipa_tes\system\CodeIgniter.php(306): CodeIgniter\CodeIgniter->handleRequest(NULL, Object(Config\Cache), false)
#6 C:\laragon\www\dipa_tes\public\index.php(45): CodeIgniter\CodeIgniter->run()
#7 C:\laragon\www\dipa_tes\system\Commands\Server\rewrite.php(34): require_once('C:\\laragon\\www\\...')
#8 {main}
CRITICAL - 2021-07-20 23:29:30 --> Invalid argument supplied for foreach()
#0 C:\laragon\www\dipa_tes\app\Views\alamat_view.php(26): CodeIgniter\Debug\Exceptions->errorHandler(2, 'Invalid argumen...', 'C:\\laragon\\www\\...', 26, Array)
#1 C:\laragon\www\dipa_tes\system\View\View.php(236): include('C:\\laragon\\www\\...')
#2 C:\laragon\www\dipa_tes\system\Common.php(1071): CodeIgniter\View\View->render('alamat_view', Array, true)
#3 C:\laragon\www\dipa_tes\app\Controllers\Alamat.php(14): view('alamat_view', Array)
#4 C:\laragon\www\dipa_tes\system\CodeIgniter.php(910): App\Controllers\Alamat->index()
#5 C:\laragon\www\dipa_tes\system\CodeIgniter.php(398): CodeIgniter\CodeIgniter->runController(Object(App\Controllers\Alamat))
#6 C:\laragon\www\dipa_tes\system\CodeIgniter.php(306): CodeIgniter\CodeIgniter->handleRequest(NULL, Object(Config\Cache), false)
#7 C:\laragon\www\dipa_tes\public\index.php(45): CodeIgniter\CodeIgniter->run()
#8 C:\laragon\www\dipa_tes\system\Commands\Server\rewrite.php(34): require_once('C:\\laragon\\www\\...')
#9 {main}
CRITICAL - 2021-07-20 23:29:32 --> Invalid argument supplied for foreach()
#0 C:\laragon\www\dipa_tes\app\Views\alamat_view.php(26): CodeIgniter\Debug\Exceptions->errorHandler(2, 'Invalid argumen...', 'C:\\laragon\\www\\...', 26, Array)
#1 C:\laragon\www\dipa_tes\system\View\View.php(236): include('C:\\laragon\\www\\...')
#2 C:\laragon\www\dipa_tes\system\Common.php(1071): CodeIgniter\View\View->render('alamat_view', Array, true)
#3 C:\laragon\www\dipa_tes\app\Controllers\Alamat.php(14): view('alamat_view', Array)
#4 C:\laragon\www\dipa_tes\system\CodeIgniter.php(910): App\Controllers\Alamat->index()
#5 C:\laragon\www\dipa_tes\system\CodeIgniter.php(398): CodeIgniter\CodeIgniter->runController(Object(App\Controllers\Alamat))
#6 C:\laragon\www\dipa_tes\system\CodeIgniter.php(306): CodeIgniter\CodeIgniter->handleRequest(NULL, Object(Config\Cache), false)
#7 C:\laragon\www\dipa_tes\public\index.php(45): CodeIgniter\CodeIgniter->run()
#8 C:\laragon\www\dipa_tes\system\Commands\Server\rewrite.php(34): require_once('C:\\laragon\\www\\...')
#9 {main}
CRITICAL - 2021-07-20 23:29:57 --> Invalid argument supplied for foreach()
#0 C:\laragon\www\dipa_tes\app\Views\alamat_view.php(26): CodeIgniter\Debug\Exceptions->errorHandler(2, 'Invalid argumen...', 'C:\\laragon\\www\\...', 26, Array)
#1 C:\laragon\www\dipa_tes\system\View\View.php(236): include('C:\\laragon\\www\\...')
#2 C:\laragon\www\dipa_tes\system\Common.php(1071): CodeIgniter\View\View->render('alamat_view', Array, true)
#3 C:\laragon\www\dipa_tes\app\Controllers\Alamat.php(14): view('alamat_view', Array)
#4 C:\laragon\www\dipa_tes\system\CodeIgniter.php(910): App\Controllers\Alamat->index()
#5 C:\laragon\www\dipa_tes\system\CodeIgniter.php(398): CodeIgniter\CodeIgniter->runController(Object(App\Controllers\Alamat))
#6 C:\laragon\www\dipa_tes\system\CodeIgniter.php(306): CodeIgniter\CodeIgniter->handleRequest(NULL, Object(Config\Cache), false)
#7 C:\laragon\www\dipa_tes\public\index.php(45): CodeIgniter\CodeIgniter->run()
#8 C:\laragon\www\dipa_tes\system\Commands\Server\rewrite.php(34): require_once('C:\\laragon\\www\\...')
#9 {main}
CRITICAL - 2021-07-20 23:30:00 --> Invalid argument supplied for foreach()
#0 C:\laragon\www\dipa_tes\app\Views\alamat_view.php(26): CodeIgniter\Debug\Exceptions->errorHandler(2, 'Invalid argumen...', 'C:\\laragon\\www\\...', 26, Array)
#1 C:\laragon\www\dipa_tes\system\View\View.php(236): include('C:\\laragon\\www\\...')
#2 C:\laragon\www\dipa_tes\system\Common.php(1071): CodeIgniter\View\View->render('alamat_view', Array, true)
#3 C:\laragon\www\dipa_tes\app\Controllers\Alamat.php(14): view('alamat_view', Array)
#4 C:\laragon\www\dipa_tes\system\CodeIgniter.php(910): App\Controllers\Alamat->index()
#5 C:\laragon\www\dipa_tes\system\CodeIgniter.php(398): CodeIgniter\CodeIgniter->runController(Object(App\Controllers\Alamat))
#6 C:\laragon\www\dipa_tes\system\CodeIgniter.php(306): CodeIgniter\CodeIgniter->handleRequest(NULL, Object(Config\Cache), false)
#7 C:\laragon\www\dipa_tes\public\index.php(45): CodeIgniter\CodeIgniter->run()
#8 C:\laragon\www\dipa_tes\system\Commands\Server\rewrite.php(34): require_once('C:\\laragon\\www\\...')
#9 {main}
CRITICAL - 2021-07-20 23:30:19 --> Invalid argument supplied for foreach()
#0 C:\laragon\www\dipa_tes\app\Views\alamat_view.php(26): CodeIgniter\Debug\Exceptions->errorHandler(2, 'Invalid argumen...', 'C:\\laragon\\www\\...', 26, Array)
#1 C:\laragon\www\dipa_tes\system\View\View.php(236): include('C:\\laragon\\www\\...')
#2 C:\laragon\www\dipa_tes\system\Common.php(1071): CodeIgniter\View\View->render('alamat_view', Array, true)
#3 C:\laragon\www\dipa_tes\app\Controllers\Alamat.php(14): view('alamat_view', Array)
#4 C:\laragon\www\dipa_tes\system\CodeIgniter.php(910): App\Controllers\Alamat->index()
#5 C:\laragon\www\dipa_tes\system\CodeIgniter.php(398): CodeIgniter\CodeIgniter->runController(Object(App\Controllers\Alamat))
#6 C:\laragon\www\dipa_tes\system\CodeIgniter.php(306): CodeIgniter\CodeIgniter->handleRequest(NULL, Object(Config\Cache), false)
#7 C:\laragon\www\dipa_tes\public\index.php(45): CodeIgniter\CodeIgniter->run()
#8 C:\laragon\www\dipa_tes\system\Commands\Server\rewrite.php(34): require_once('C:\\laragon\\www\\...')
#9 {main}
CRITICAL - 2021-07-20 23:30:19 --> Invalid argument supplied for foreach()
#0 C:\laragon\www\dipa_tes\app\Views\alamat_view.php(26): CodeIgniter\Debug\Exceptions->errorHandler(2, 'Invalid argumen...', 'C:\\laragon\\www\\...', 26, Array)
#1 C:\laragon\www\dipa_tes\system\View\View.php(236): include('C:\\laragon\\www\\...')
#2 C:\laragon\www\dipa_tes\system\Common.php(1071): CodeIgniter\View\View->render('alamat_view', Array, true)
#3 C:\laragon\www\dipa_tes\app\Controllers\Alamat.php(14): view('alamat_view', Array)
#4 C:\laragon\www\dipa_tes\system\CodeIgniter.php(910): App\Controllers\Alamat->index()
#5 C:\laragon\www\dipa_tes\system\CodeIgniter.php(398): CodeIgniter\CodeIgniter->runController(Object(App\Controllers\Alamat))
#6 C:\laragon\www\dipa_tes\system\CodeIgniter.php(306): CodeIgniter\CodeIgniter->handleRequest(NULL, Object(Config\Cache), false)
#7 C:\laragon\www\dipa_tes\public\index.php(45): CodeIgniter\CodeIgniter->run()
#8 C:\laragon\www\dipa_tes\system\Commands\Server\rewrite.php(34): require_once('C:\\laragon\\www\\...')
#9 {main}
CRITICAL - 2021-07-20 23:30:23 --> Invalid argument supplied for foreach()
#0 C:\laragon\www\dipa_tes\app\Views\alamat_view.php(26): CodeIgniter\Debug\Exceptions->errorHandler(2, 'Invalid argumen...', 'C:\\laragon\\www\\...', 26, Array)
#1 C:\laragon\www\dipa_tes\system\View\View.php(236): include('C:\\laragon\\www\\...')
#2 C:\laragon\www\dipa_tes\system\Common.php(1071): CodeIgniter\View\View->render('alamat_view', Array, true)
#3 C:\laragon\www\dipa_tes\app\Controllers\Alamat.php(14): view('alamat_view', Array)
#4 C:\laragon\www\dipa_tes\system\CodeIgniter.php(910): App\Controllers\Alamat->index()
#5 C:\laragon\www\dipa_tes\system\CodeIgniter.php(398): CodeIgniter\CodeIgniter->runController(Object(App\Controllers\Alamat))
#6 C:\laragon\www\dipa_tes\system\CodeIgniter.php(306): CodeIgniter\CodeIgniter->handleRequest(NULL, Object(Config\Cache), false)
#7 C:\laragon\www\dipa_tes\public\index.php(45): CodeIgniter\CodeIgniter->run()
#8 C:\laragon\www\dipa_tes\system\Commands\Server\rewrite.php(34): require_once('C:\\laragon\\www\\...')
#9 {main}
CRITICAL - 2021-07-20 23:30:29 --> Invalid argument supplied for foreach()
#0 C:\laragon\www\dipa_tes\app\Views\alamat_view.php(26): CodeIgniter\Debug\Exceptions->errorHandler(2, 'Invalid argumen...', 'C:\\laragon\\www\\...', 26, Array)
#1 C:\laragon\www\dipa_tes\system\View\View.php(236): include('C:\\laragon\\www\\...')
#2 C:\laragon\www\dipa_tes\system\Common.php(1071): CodeIgniter\View\View->render('alamat_view', Array, true)
#3 C:\laragon\www\dipa_tes\app\Controllers\Alamat.php(14): view('alamat_view', Array)
#4 C:\laragon\www\dipa_tes\system\CodeIgniter.php(910): App\Controllers\Alamat->index()
#5 C:\laragon\www\dipa_tes\system\CodeIgniter.php(398): CodeIgniter\CodeIgniter->runController(Object(App\Controllers\Alamat))
#6 C:\laragon\www\dipa_tes\system\CodeIgniter.php(306): CodeIgniter\CodeIgniter->handleRequest(NULL, Object(Config\Cache), false)
#7 C:\laragon\www\dipa_tes\public\index.php(45): CodeIgniter\CodeIgniter->run()
#8 C:\laragon\www\dipa_tes\system\Commands\Server\rewrite.php(34): require_once('C:\\laragon\\www\\...')
#9 {main}
CRITICAL - 2021-07-20 23:30:30 --> Invalid argument supplied for foreach()
#0 C:\laragon\www\dipa_tes\app\Views\alamat_view.php(26): CodeIgniter\Debug\Exceptions->errorHandler(2, 'Invalid argumen...', 'C:\\laragon\\www\\...', 26, Array)
#1 C:\laragon\www\dipa_tes\system\View\View.php(236): include('C:\\laragon\\www\\...')
#2 C:\laragon\www\dipa_tes\system\Common.php(1071): CodeIgniter\View\View->render('alamat_view', Array, true)
#3 C:\laragon\www\dipa_tes\app\Controllers\Alamat.php(14): view('alamat_view', Array)
#4 C:\laragon\www\dipa_tes\system\CodeIgniter.php(910): App\Controllers\Alamat->index()
#5 C:\laragon\www\dipa_tes\system\CodeIgniter.php(398): CodeIgniter\CodeIgniter->runController(Object(App\Controllers\Alamat))
#6 C:\laragon\www\dipa_tes\system\CodeIgniter.php(306): CodeIgniter\CodeIgniter->handleRequest(NULL, Object(Config\Cache), false)
#7 C:\laragon\www\dipa_tes\public\index.php(45): CodeIgniter\CodeIgniter->run()
#8 C:\laragon\www\dipa_tes\system\Commands\Server\rewrite.php(34): require_once('C:\\laragon\\www\\...')
#9 {main}
CRITICAL - 2021-07-20 23:30:34 --> Invalid argument supplied for foreach()
#0 C:\laragon\www\dipa_tes\app\Views\alamat_view.php(26): CodeIgniter\Debug\Exceptions->errorHandler(2, 'Invalid argumen...', 'C:\\laragon\\www\\...', 26, Array)
#1 C:\laragon\www\dipa_tes\system\View\View.php(236): include('C:\\laragon\\www\\...')
#2 C:\laragon\www\dipa_tes\system\Common.php(1071): CodeIgniter\View\View->render('alamat_view', Array, true)
#3 C:\laragon\www\dipa_tes\app\Controllers\Alamat.php(14): view('alamat_view', Array)
#4 C:\laragon\www\dipa_tes\system\CodeIgniter.php(910): App\Controllers\Alamat->index()
#5 C:\laragon\www\dipa_tes\system\CodeIgniter.php(398): CodeIgniter\CodeIgniter->runController(Object(App\Controllers\Alamat))
#6 C:\laragon\www\dipa_tes\system\CodeIgniter.php(306): CodeIgniter\CodeIgniter->handleRequest(NULL, Object(Config\Cache), false)
#7 C:\laragon\www\dipa_tes\public\index.php(45): CodeIgniter\CodeIgniter->run()
#8 C:\laragon\www\dipa_tes\system\Commands\Server\rewrite.php(34): require_once('C:\\laragon\\www\\...')
#9 {main}
CRITICAL - 2021-07-20 23:30:34 --> Invalid argument supplied for foreach()
#0 C:\laragon\www\dipa_tes\app\Views\alamat_view.php(26): CodeIgniter\Debug\Exceptions->errorHandler(2, 'Invalid argumen...', 'C:\\laragon\\www\\...', 26, Array)
#1 C:\laragon\www\dipa_tes\system\View\View.php(236): include('C:\\laragon\\www\\...')
#2 C:\laragon\www\dipa_tes\system\Common.php(1071): CodeIgniter\View\View->render('alamat_view', Array, true)
#3 C:\laragon\www\dipa_tes\app\Controllers\Alamat.php(14): view('alamat_view', Array)
#4 C:\laragon\www\dipa_tes\system\CodeIgniter.php(910): App\Controllers\Alamat->index()
#5 C:\laragon\www\dipa_tes\system\CodeIgniter.php(398): CodeIgniter\CodeIgniter->runController(Object(App\Controllers\Alamat))
#6 C:\laragon\www\dipa_tes\system\CodeIgniter.php(306): CodeIgniter\CodeIgniter->handleRequest(NULL, Object(Config\Cache), false)
#7 C:\laragon\www\dipa_tes\public\index.php(45): CodeIgniter\CodeIgniter->run()
#8 C:\laragon\www\dipa_tes\system\Commands\Server\rewrite.php(34): require_once('C:\\laragon\\www\\...')
#9 {main}
CRITICAL - 2021-07-20 23:30:35 --> Invalid argument supplied for foreach()
#0 C:\laragon\www\dipa_tes\app\Views\alamat_view.php(26): CodeIgniter\Debug\Exceptions->errorHandler(2, 'Invalid argumen...', 'C:\\laragon\\www\\...', 26, Array)
#1 C:\laragon\www\dipa_tes\system\View\View.php(236): include('C:\\laragon\\www\\...')
#2 C:\laragon\www\dipa_tes\system\Common.php(1071): CodeIgniter\View\View->render('alamat_view', Array, true)
#3 C:\laragon\www\dipa_tes\app\Controllers\Alamat.php(14): view('alamat_view', Array)
#4 C:\laragon\www\dipa_tes\system\CodeIgniter.php(910): App\Controllers\Alamat->index()
#5 C:\laragon\www\dipa_tes\system\CodeIgniter.php(398): CodeIgniter\CodeIgniter->runController(Object(App\Controllers\Alamat))
#6 C:\laragon\www\dipa_tes\system\CodeIgniter.php(306): CodeIgniter\CodeIgniter->handleRequest(NULL, Object(Config\Cache), false)
#7 C:\laragon\www\dipa_tes\public\index.php(45): CodeIgniter\CodeIgniter->run()
#8 C:\laragon\www\dipa_tes\system\Commands\Server\rewrite.php(34): require_once('C:\\laragon\\www\\...')
#9 {main}
CRITICAL - 2021-07-20 23:31:06 --> You must set the database table to be used with your query.
#0 C:\laragon\www\dipa_tes\system\Model.php(1190): CodeIgniter\Database\BaseConnection->table(NULL)
#1 C:\laragon\www\dipa_tes\system\Model.php(1700): CodeIgniter\Model->builder()
#2 C:\laragon\www\dipa_tes\app\Controllers\Alamat.php(11): CodeIgniter\Model->__call('getProduct', Array)
#3 C:\laragon\www\dipa_tes\system\CodeIgniter.php(910): App\Controllers\Alamat->index()
#4 C:\laragon\www\dipa_tes\system\CodeIgniter.php(398): CodeIgniter\CodeIgniter->runController(Object(App\Controllers\Alamat))
#5 C:\laragon\www\dipa_tes\system\CodeIgniter.php(306): CodeIgniter\CodeIgniter->handleRequest(NULL, Object(Config\Cache), false)
#6 C:\laragon\www\dipa_tes\public\index.php(45): CodeIgniter\CodeIgniter->run()
#7 C:\laragon\www\dipa_tes\system\Commands\Server\rewrite.php(34): require_once('C:\\laragon\\www\\...')
#8 {main}
CRITICAL - 2021-07-20 23:31:07 --> You must set the database table to be used with your query.
#0 C:\laragon\www\dipa_tes\system\Model.php(1190): CodeIgniter\Database\BaseConnection->table(NULL)
#1 C:\laragon\www\dipa_tes\system\Model.php(1700): CodeIgniter\Model->builder()
#2 C:\laragon\www\dipa_tes\app\Controllers\Alamat.php(11): CodeIgniter\Model->__call('getProduct', Array)
#3 C:\laragon\www\dipa_tes\system\CodeIgniter.php(910): App\Controllers\Alamat->index()
#4 C:\laragon\www\dipa_tes\system\CodeIgniter.php(398): CodeIgniter\CodeIgniter->runController(Object(App\Controllers\Alamat))
#5 C:\laragon\www\dipa_tes\system\CodeIgniter.php(306): CodeIgniter\CodeIgniter->handleRequest(NULL, Object(Config\Cache), false)
#6 C:\laragon\www\dipa_tes\public\index.php(45): CodeIgniter\CodeIgniter->run()
#7 C:\laragon\www\dipa_tes\system\Commands\Server\rewrite.php(34): require_once('C:\\laragon\\www\\...')
#8 {main}
CRITICAL - 2021-07-20 23:31:15 --> You must set the database table to be used with your query.
#0 C:\laragon\www\dipa_tes\system\Model.php(1190): CodeIgniter\Database\BaseConnection->table(NULL)
#1 C:\laragon\www\dipa_tes\system\Model.php(1700): CodeIgniter\Model->builder()
#2 C:\laragon\www\dipa_tes\app\Controllers\Alamat.php(11): CodeIgniter\Model->__call('getProduct', Array)
#3 C:\laragon\www\dipa_tes\system\CodeIgniter.php(910): App\Controllers\Alamat->index()
#4 C:\laragon\www\dipa_tes\system\CodeIgniter.php(398): CodeIgniter\CodeIgniter->runController(Object(App\Controllers\Alamat))
#5 C:\laragon\www\dipa_tes\system\CodeIgniter.php(306): CodeIgniter\CodeIgniter->handleRequest(NULL, Object(Config\Cache), false)
#6 C:\laragon\www\dipa_tes\public\index.php(45): CodeIgniter\CodeIgniter->run()
#7 C:\laragon\www\dipa_tes\system\Commands\Server\rewrite.php(34): require_once('C:\\laragon\\www\\...')
#8 {main}
CRITICAL - 2021-07-20 23:31:15 --> You must set the database table to be used with your query.
#0 C:\laragon\www\dipa_tes\system\Model.php(1190): CodeIgniter\Database\BaseConnection->table(NULL)
#1 C:\laragon\www\dipa_tes\system\Model.php(1700): CodeIgniter\Model->builder()
#2 C:\laragon\www\dipa_tes\app\Controllers\Alamat.php(11): CodeIgniter\Model->__call('getProduct', Array)
#3 C:\laragon\www\dipa_tes\system\CodeIgniter.php(910): App\Controllers\Alamat->index()
#4 C:\laragon\www\dipa_tes\system\CodeIgniter.php(398): CodeIgniter\CodeIgniter->runController(Object(App\Controllers\Alamat))
#5 C:\laragon\www\dipa_tes\system\CodeIgniter.php(306): CodeIgniter\CodeIgniter->handleRequest(NULL, Object(Config\Cache), false)
#6 C:\laragon\www\dipa_tes\public\index.php(45): CodeIgniter\CodeIgniter->run()
#7 C:\laragon\www\dipa_tes\system\Commands\Server\rewrite.php(34): require_once('C:\\laragon\\www\\...')
#8 {main}
CRITICAL - 2021-07-20 23:31:19 --> You must set the database table to be used with your query.
#0 C:\laragon\www\dipa_tes\system\Model.php(1190): CodeIgniter\Database\BaseConnection->table(NULL)
#1 C:\laragon\www\dipa_tes\system\Model.php(1700): CodeIgniter\Model->builder()
#2 C:\laragon\www\dipa_tes\app\Controllers\Alamat.php(11): CodeIgniter\Model->__call('getProduct', Array)
#3 C:\laragon\www\dipa_tes\system\CodeIgniter.php(910): App\Controllers\Alamat->index()
#4 C:\laragon\www\dipa_tes\system\CodeIgniter.php(398): CodeIgniter\CodeIgniter->runController(Object(App\Controllers\Alamat))
#5 C:\laragon\www\dipa_tes\system\CodeIgniter.php(306): CodeIgniter\CodeIgniter->handleRequest(NULL, Object(Config\Cache), false)
#6 C:\laragon\www\dipa_tes\public\index.php(45): CodeIgniter\CodeIgniter->run()
#7 C:\laragon\www\dipa_tes\system\Commands\Server\rewrite.php(34): require_once('C:\\laragon\\www\\...')
#8 {main}
CRITICAL - 2021-07-20 23:31:35 --> Invalid argument supplied for foreach()
#0 C:\laragon\www\dipa_tes\app\Views\alamat_view.php(69): CodeIgniter\Debug\Exceptions->errorHandler(2, 'Invalid argumen...', 'C:\\laragon\\www\\...', 69, Array)
#1 C:\laragon\www\dipa_tes\system\View\View.php(236): include('C:\\laragon\\www\\...')
#2 C:\laragon\www\dipa_tes\system\Common.php(1071): CodeIgniter\View\View->render('alamat_view', Array, true)
#3 C:\laragon\www\dipa_tes\app\Controllers\Alamat.php(14): view('alamat_view', Array)
#4 C:\laragon\www\dipa_tes\system\CodeIgniter.php(910): App\Controllers\Alamat->index()
#5 C:\laragon\www\dipa_tes\system\CodeIgniter.php(398): CodeIgniter\CodeIgniter->runController(Object(App\Controllers\Alamat))
#6 C:\laragon\www\dipa_tes\system\CodeIgniter.php(306): CodeIgniter\CodeIgniter->handleRequest(NULL, Object(Config\Cache), false)
#7 C:\laragon\www\dipa_tes\public\index.php(45): CodeIgniter\CodeIgniter->run()
#8 C:\laragon\www\dipa_tes\system\Commands\Server\rewrite.php(34): require_once('C:\\laragon\\www\\...')
#9 {main}
CRITICAL - 2021-07-20 23:31:35 --> Invalid argument supplied for foreach()
#0 C:\laragon\www\dipa_tes\app\Views\alamat_view.php(69): CodeIgniter\Debug\Exceptions->errorHandler(2, 'Invalid argumen...', 'C:\\laragon\\www\\...', 69, Array)
#1 C:\laragon\www\dipa_tes\system\View\View.php(236): include('C:\\laragon\\www\\...')
#2 C:\laragon\www\dipa_tes\system\Common.php(1071): CodeIgniter\View\View->render('alamat_view', Array, true)
#3 C:\laragon\www\dipa_tes\app\Controllers\Alamat.php(14): view('alamat_view', Array)
#4 C:\laragon\www\dipa_tes\system\CodeIgniter.php(910): App\Controllers\Alamat->index()
#5 C:\laragon\www\dipa_tes\system\CodeIgniter.php(398): CodeIgniter\CodeIgniter->runController(Object(App\Controllers\Alamat))
#6 C:\laragon\www\dipa_tes\system\CodeIgniter.php(306): CodeIgniter\CodeIgniter->handleRequest(NULL, Object(Config\Cache), false)
#7 C:\laragon\www\dipa_tes\public\index.php(45): CodeIgniter\CodeIgniter->run()
#8 C:\laragon\www\dipa_tes\system\Commands\Server\rewrite.php(34): require_once('C:\\laragon\\www\\...')
#9 {main}
CRITICAL - 2021-07-20 23:31:47 --> Invalid argument supplied for foreach()
#0 C:\laragon\www\dipa_tes\app\Views\alamat_view.php(69): CodeIgniter\Debug\Exceptions->errorHandler(2, 'Invalid argumen...', 'C:\\laragon\\www\\...', 69, Array)
#1 C:\laragon\www\dipa_tes\system\View\View.php(236): include('C:\\laragon\\www\\...')
#2 C:\laragon\www\dipa_tes\system\Common.php(1071): CodeIgniter\View\View->render('alamat_view', Array, true)
#3 C:\laragon\www\dipa_tes\app\Controllers\Alamat.php(13): view('alamat_view', Array)
#4 C:\laragon\www\dipa_tes\system\CodeIgniter.php(910): App\Controllers\Alamat->index()
#5 C:\laragon\www\dipa_tes\system\CodeIgniter.php(398): CodeIgniter\CodeIgniter->runController(Object(App\Controllers\Alamat))
#6 C:\laragon\www\dipa_tes\system\CodeIgniter.php(306): CodeIgniter\CodeIgniter->handleRequest(NULL, Object(Config\Cache), false)
#7 C:\laragon\www\dipa_tes\public\index.php(45): CodeIgniter\CodeIgniter->run()
#8 C:\laragon\www\dipa_tes\system\Commands\Server\rewrite.php(34): require_once('C:\\laragon\\www\\...')
#9 {main}
CRITICAL - 2021-07-20 23:32:11 --> Invalid argument supplied for foreach()
#0 C:\laragon\www\dipa_tes\app\Views\alamat_view.php(26): CodeIgniter\Debug\Exceptions->errorHandler(2, 'Invalid argumen...', 'C:\\laragon\\www\\...', 26, Array)
#1 C:\laragon\www\dipa_tes\system\View\View.php(236): include('C:\\laragon\\www\\...')
#2 C:\laragon\www\dipa_tes\system\Common.php(1071): CodeIgniter\View\View->render('alamat_view', Array, true)
#3 C:\laragon\www\dipa_tes\app\Controllers\Alamat.php(14): view('alamat_view', Array)
#4 C:\laragon\www\dipa_tes\system\CodeIgniter.php(910): App\Controllers\Alamat->index()
#5 C:\laragon\www\dipa_tes\system\CodeIgniter.php(398): CodeIgniter\CodeIgniter->runController(Object(App\Controllers\Alamat))
#6 C:\laragon\www\dipa_tes\system\CodeIgniter.php(306): CodeIgniter\CodeIgniter->handleRequest(NULL, Object(Config\Cache), false)
#7 C:\laragon\www\dipa_tes\public\index.php(45): CodeIgniter\CodeIgniter->run()
#8 C:\laragon\www\dipa_tes\system\Commands\Server\rewrite.php(34): require_once('C:\\laragon\\www\\...')
#9 {main}
CRITICAL - 2021-07-20 23:32:12 --> Invalid argument supplied for foreach()
#0 C:\laragon\www\dipa_tes\app\Views\alamat_view.php(26): CodeIgniter\Debug\Exceptions->errorHandler(2, 'Invalid argumen...', 'C:\\laragon\\www\\...', 26, Array)
#1 C:\laragon\www\dipa_tes\system\View\View.php(236): include('C:\\laragon\\www\\...')
#2 C:\laragon\www\dipa_tes\system\Common.php(1071): CodeIgniter\View\View->render('alamat_view', Array, true)
#3 C:\laragon\www\dipa_tes\app\Controllers\Alamat.php(14): view('alamat_view', Array)
#4 C:\laragon\www\dipa_tes\system\CodeIgniter.php(910): App\Controllers\Alamat->index()
#5 C:\laragon\www\dipa_tes\system\CodeIgniter.php(398): CodeIgniter\CodeIgniter->runController(Object(App\Controllers\Alamat))
#6 C:\laragon\www\dipa_tes\system\CodeIgniter.php(306): CodeIgniter\CodeIgniter->handleRequest(NULL, Object(Config\Cache), false)
#7 C:\laragon\www\dipa_tes\public\index.php(45): CodeIgniter\CodeIgniter->run()
#8 C:\laragon\www\dipa_tes\system\Commands\Server\rewrite.php(34): require_once('C:\\laragon\\www\\...')
#9 {main}
CRITICAL - 2021-07-20 23:32:27 --> Invalid argument supplied for foreach()
#0 C:\laragon\www\dipa_tes\app\Views\alamat_view.php(26): CodeIgniter\Debug\Exceptions->errorHandler(2, 'Invalid argumen...', 'C:\\laragon\\www\\...', 26, Array)
#1 C:\laragon\www\dipa_tes\system\View\View.php(236): include('C:\\laragon\\www\\...')
#2 C:\laragon\www\dipa_tes\system\Common.php(1071): CodeIgniter\View\View->render('alamat_view', Array, true)
#3 C:\laragon\www\dipa_tes\app\Controllers\Alamat.php(14): view('alamat_view', Array)
#4 C:\laragon\www\dipa_tes\system\CodeIgniter.php(910): App\Controllers\Alamat->index()
#5 C:\laragon\www\dipa_tes\system\CodeIgniter.php(398): CodeIgniter\CodeIgniter->runController(Object(App\Controllers\Alamat))
#6 C:\laragon\www\dipa_tes\system\CodeIgniter.php(306): CodeIgniter\CodeIgniter->handleRequest(NULL, Object(Config\Cache), false)
#7 C:\laragon\www\dipa_tes\public\index.php(45): CodeIgniter\CodeIgniter->run()
#8 C:\laragon\www\dipa_tes\system\Commands\Server\rewrite.php(34): require_once('C:\\laragon\\www\\...')
#9 {main}
CRITICAL - 2021-07-20 23:32:54 --> Invalid argument supplied for foreach()
#0 C:\laragon\www\dipa_tes\app\Views\alamat_view.php(69): CodeIgniter\Debug\Exceptions->errorHandler(2, 'Invalid argumen...', 'C:\\laragon\\www\\...', 69, Array)
#1 C:\laragon\www\dipa_tes\system\View\View.php(236): include('C:\\laragon\\www\\...')
#2 C:\laragon\www\dipa_tes\system\Common.php(1071): CodeIgniter\View\View->render('alamat_view', Array, true)
#3 C:\laragon\www\dipa_tes\app\Controllers\Alamat.php(14): view('alamat_view', Array)
#4 C:\laragon\www\dipa_tes\system\CodeIgniter.php(910): App\Controllers\Alamat->index()
#5 C:\laragon\www\dipa_tes\system\CodeIgniter.php(398): CodeIgniter\CodeIgniter->runController(Object(App\Controllers\Alamat))
#6 C:\laragon\www\dipa_tes\system\CodeIgniter.php(306): CodeIgniter\CodeIgniter->handleRequest(NULL, Object(Config\Cache), false)
#7 C:\laragon\www\dipa_tes\public\index.php(45): CodeIgniter\CodeIgniter->run()
#8 C:\laragon\www\dipa_tes\system\Commands\Server\rewrite.php(34): require_once('C:\\laragon\\www\\...')
#9 {main}
CRITICAL - 2021-07-20 23:32:54 --> Invalid argument supplied for foreach()
#0 C:\laragon\www\dipa_tes\app\Views\alamat_view.php(69): CodeIgniter\Debug\Exceptions->errorHandler(2, 'Invalid argumen...', 'C:\\laragon\\www\\...', 69, Array)
#1 C:\laragon\www\dipa_tes\system\View\View.php(236): include('C:\\laragon\\www\\...')
#2 C:\laragon\www\dipa_tes\system\Common.php(1071): CodeIgniter\View\View->render('alamat_view', Array, true)
#3 C:\laragon\www\dipa_tes\app\Controllers\Alamat.php(14): view('alamat_view', Array)
#4 C:\laragon\www\dipa_tes\system\CodeIgniter.php(910): App\Controllers\Alamat->index()
#5 C:\laragon\www\dipa_tes\system\CodeIgniter.php(398): CodeIgniter\CodeIgniter->runController(Object(App\Controllers\Alamat))
#6 C:\laragon\www\dipa_tes\system\CodeIgniter.php(306): CodeIgniter\CodeIgniter->handleRequest(NULL, Object(Config\Cache), false)
#7 C:\laragon\www\dipa_tes\public\index.php(45): CodeIgniter\CodeIgniter->run()
#8 C:\laragon\www\dipa_tes\system\Commands\Server\rewrite.php(34): require_once('C:\\laragon\\www\\...')
#9 {main}
CRITICAL - 2021-07-20 23:32:55 --> Invalid argument supplied for foreach()
#0 C:\laragon\www\dipa_tes\app\Views\alamat_view.php(69): CodeIgniter\Debug\Exceptions->errorHandler(2, 'Invalid argumen...', 'C:\\laragon\\www\\...', 69, Array)
#1 C:\laragon\www\dipa_tes\system\View\View.php(236): include('C:\\laragon\\www\\...')
#2 C:\laragon\www\dipa_tes\system\Common.php(1071): CodeIgniter\View\View->render('alamat_view', Array, true)
#3 C:\laragon\www\dipa_tes\app\Controllers\Alamat.php(14): view('alamat_view', Array)
#4 C:\laragon\www\dipa_tes\system\CodeIgniter.php(910): App\Controllers\Alamat->index()
#5 C:\laragon\www\dipa_tes\system\CodeIgniter.php(398): CodeIgniter\CodeIgniter->runController(Object(App\Controllers\Alamat))
#6 C:\laragon\www\dipa_tes\system\CodeIgniter.php(306): CodeIgniter\CodeIgniter->handleRequest(NULL, Object(Config\Cache), false)
#7 C:\laragon\www\dipa_tes\public\index.php(45): CodeIgniter\CodeIgniter->run()
#8 C:\laragon\www\dipa_tes\system\Commands\Server\rewrite.php(34): require_once('C:\\laragon\\www\\...')
#9 {main}
CRITICAL - 2021-07-20 23:33:16 --> Invalid argument supplied for foreach()
#0 C:\laragon\www\dipa_tes\app\Views\alamat_view.php(69): CodeIgniter\Debug\Exceptions->errorHandler(2, 'Invalid argumen...', 'C:\\laragon\\www\\...', 69, Array)
#1 C:\laragon\www\dipa_tes\system\View\View.php(236): include('C:\\laragon\\www\\...')
#2 C:\laragon\www\dipa_tes\system\Common.php(1071): CodeIgniter\View\View->render('alamat_view', Array, true)
#3 C:\laragon\www\dipa_tes\app\Controllers\Alamat.php(14): view('alamat_view', Array)
#4 C:\laragon\www\dipa_tes\system\CodeIgniter.php(910): App\Controllers\Alamat->index()
#5 C:\laragon\www\dipa_tes\system\CodeIgniter.php(398): CodeIgniter\CodeIgniter->runController(Object(App\Controllers\Alamat))
#6 C:\laragon\www\dipa_tes\system\CodeIgniter.php(306): CodeIgniter\CodeIgniter->handleRequest(NULL, Object(Config\Cache), false)
#7 C:\laragon\www\dipa_tes\public\index.php(45): CodeIgniter\CodeIgniter->run()
#8 C:\laragon\www\dipa_tes\system\Commands\Server\rewrite.php(34): require_once('C:\\laragon\\www\\...')
#9 {main}
CRITICAL - 2021-07-20 23:33:17 --> Invalid argument supplied for foreach()
#0 C:\laragon\www\dipa_tes\app\Views\alamat_view.php(69): CodeIgniter\Debug\Exceptions->errorHandler(2, 'Invalid argumen...', 'C:\\laragon\\www\\...', 69, Array)
#1 C:\laragon\www\dipa_tes\system\View\View.php(236): include('C:\\laragon\\www\\...')
#2 C:\laragon\www\dipa_tes\system\Common.php(1071): CodeIgniter\View\View->render('alamat_view', Array, true)
#3 C:\laragon\www\dipa_tes\app\Controllers\Alamat.php(14): view('alamat_view', Array)
#4 C:\laragon\www\dipa_tes\system\CodeIgniter.php(910): App\Controllers\Alamat->index()
#5 C:\laragon\www\dipa_tes\system\CodeIgniter.php(398): CodeIgniter\CodeIgniter->runController(Object(App\Controllers\Alamat))
#6 C:\laragon\www\dipa_tes\system\CodeIgniter.php(306): CodeIgniter\CodeIgniter->handleRequest(NULL, Object(Config\Cache), false)
#7 C:\laragon\www\dipa_tes\public\index.php(45): CodeIgniter\CodeIgniter->run()
#8 C:\laragon\www\dipa_tes\system\Commands\Server\rewrite.php(34): require_once('C:\\laragon\\www\\...')
#9 {main}
CRITICAL - 2021-07-20 23:33:17 --> Invalid argument supplied for foreach()
#0 C:\laragon\www\dipa_tes\app\Views\alamat_view.php(69): CodeIgniter\Debug\Exceptions->errorHandler(2, 'Invalid argumen...', 'C:\\laragon\\www\\...', 69, Array)
#1 C:\laragon\www\dipa_tes\system\View\View.php(236): include('C:\\laragon\\www\\...')
#2 C:\laragon\www\dipa_tes\system\Common.php(1071): CodeIgniter\View\View->render('alamat_view', Array, true)
#3 C:\laragon\www\dipa_tes\app\Controllers\Alamat.php(14): view('alamat_view', Array)
#4 C:\laragon\www\dipa_tes\system\CodeIgniter.php(910): App\Controllers\Alamat->index()
#5 C:\laragon\www\dipa_tes\system\CodeIgniter.php(398): CodeIgniter\CodeIgniter->runController(Object(App\Controllers\Alamat))
#6 C:\laragon\www\dipa_tes\system\CodeIgniter.php(306): CodeIgniter\CodeIgniter->handleRequest(NULL, Object(Config\Cache), false)
#7 C:\laragon\www\dipa_tes\public\index.php(45): CodeIgniter\CodeIgniter->run()
#8 C:\laragon\www\dipa_tes\system\Commands\Server\rewrite.php(34): require_once('C:\\laragon\\www\\...')
#9 {main}
CRITICAL - 2021-07-20 23:33:22 --> Invalid argument supplied for foreach()
#0 C:\laragon\www\dipa_tes\app\Views\alamat_view.php(69): CodeIgniter\Debug\Exceptions->errorHandler(2, 'Invalid argumen...', 'C:\\laragon\\www\\...', 69, Array)
#1 C:\laragon\www\dipa_tes\system\View\View.php(236): include('C:\\laragon\\www\\...')
#2 C:\laragon\www\dipa_tes\system\Common.php(1071): CodeIgniter\View\View->render('alamat_view', Array, true)
#3 C:\laragon\www\dipa_tes\app\Controllers\Alamat.php(14): view('alamat_view', Array)
#4 C:\laragon\www\dipa_tes\system\CodeIgniter.php(910): App\Controllers\Alamat->index()
#5 C:\laragon\www\dipa_tes\system\CodeIgniter.php(398): CodeIgniter\CodeIgniter->runController(Object(App\Controllers\Alamat))
#6 C:\laragon\www\dipa_tes\system\CodeIgniter.php(306): CodeIgniter\CodeIgniter->handleRequest(NULL, Object(Config\Cache), false)
#7 C:\laragon\www\dipa_tes\public\index.php(45): CodeIgniter\CodeIgniter->run()
#8 C:\laragon\www\dipa_tes\system\Commands\Server\rewrite.php(34): require_once('C:\\laragon\\www\\...')
#9 {main}
CRITICAL - 2021-07-20 23:33:23 --> Invalid argument supplied for foreach()
#0 C:\laragon\www\dipa_tes\app\Views\alamat_view.php(69): CodeIgniter\Debug\Exceptions->errorHandler(2, 'Invalid argumen...', 'C:\\laragon\\www\\...', 69, Array)
#1 C:\laragon\www\dipa_tes\system\View\View.php(236): include('C:\\laragon\\www\\...')
#2 C:\laragon\www\dipa_tes\system\Common.php(1071): CodeIgniter\View\View->render('alamat_view', Array, true)
#3 C:\laragon\www\dipa_tes\app\Controllers\Alamat.php(14): view('alamat_view', Array)
#4 C:\laragon\www\dipa_tes\system\CodeIgniter.php(910): App\Controllers\Alamat->index()
#5 C:\laragon\www\dipa_tes\system\CodeIgniter.php(398): CodeIgniter\CodeIgniter->runController(Object(App\Controllers\Alamat))
#6 C:\laragon\www\dipa_tes\system\CodeIgniter.php(306): CodeIgniter\CodeIgniter->handleRequest(NULL, Object(Config\Cache), false)
#7 C:\laragon\www\dipa_tes\public\index.php(45): CodeIgniter\CodeIgniter->run()
#8 C:\laragon\www\dipa_tes\system\Commands\Server\rewrite.php(34): require_once('C:\\laragon\\www\\...')
#9 {main}
CRITICAL - 2021-07-20 23:33:35 --> Invalid argument supplied for foreach()
#0 C:\laragon\www\dipa_tes\app\Views\alamat_view.php(69): CodeIgniter\Debug\Exceptions->errorHandler(2, 'Invalid argumen...', 'C:\\laragon\\www\\...', 69, Array)
#1 C:\laragon\www\dipa_tes\system\View\View.php(236): include('C:\\laragon\\www\\...')
#2 C:\laragon\www\dipa_tes\system\Common.php(1071): CodeIgniter\View\View->render('alamat_view', Array, true)
#3 C:\laragon\www\dipa_tes\app\Controllers\Alamat.php(14): view('alamat_view', Array)
#4 C:\laragon\www\dipa_tes\system\CodeIgniter.php(910): App\Controllers\Alamat->index()
#5 C:\laragon\www\dipa_tes\system\CodeIgniter.php(398): CodeIgniter\CodeIgniter->runController(Object(App\Controllers\Alamat))
#6 C:\laragon\www\dipa_tes\system\CodeIgniter.php(306): CodeIgniter\CodeIgniter->handleRequest(NULL, Object(Config\Cache), false)
#7 C:\laragon\www\dipa_tes\public\index.php(45): CodeIgniter\CodeIgniter->run()
#8 C:\laragon\www\dipa_tes\system\Commands\Server\rewrite.php(34): require_once('C:\\laragon\\www\\...')
#9 {main}
CRITICAL - 2021-07-20 23:33:36 --> Invalid argument supplied for foreach()
#0 C:\laragon\www\dipa_tes\app\Views\alamat_view.php(69): CodeIgniter\Debug\Exceptions->errorHandler(2, 'Invalid argumen...', 'C:\\laragon\\www\\...', 69, Array)
#1 C:\laragon\www\dipa_tes\system\View\View.php(236): include('C:\\laragon\\www\\...')
#2 C:\laragon\www\dipa_tes\system\Common.php(1071): CodeIgniter\View\View->render('alamat_view', Array, true)
#3 C:\laragon\www\dipa_tes\app\Controllers\Alamat.php(14): view('alamat_view', Array)
#4 C:\laragon\www\dipa_tes\system\CodeIgniter.php(910): App\Controllers\Alamat->index()
#5 C:\laragon\www\dipa_tes\system\CodeIgniter.php(398): CodeIgniter\CodeIgniter->runController(Object(App\Controllers\Alamat))
#6 C:\laragon\www\dipa_tes\system\CodeIgniter.php(306): CodeIgniter\CodeIgniter->handleRequest(NULL, Object(Config\Cache), false)
#7 C:\laragon\www\dipa_tes\public\index.php(45): CodeIgniter\CodeIgniter->run()
#8 C:\laragon\www\dipa_tes\system\Commands\Server\rewrite.php(34): require_once('C:\\laragon\\www\\...')
#9 {main}
CRITICAL - 2021-07-20 23:33:36 --> Invalid argument supplied for foreach()
#0 C:\laragon\www\dipa_tes\app\Views\alamat_view.php(69): CodeIgniter\Debug\Exceptions->errorHandler(2, 'Invalid argumen...', 'C:\\laragon\\www\\...', 69, Array)
#1 C:\laragon\www\dipa_tes\system\View\View.php(236): include('C:\\laragon\\www\\...')
#2 C:\laragon\www\dipa_tes\system\Common.php(1071): CodeIgniter\View\View->render('alamat_view', Array, true)
#3 C:\laragon\www\dipa_tes\app\Controllers\Alamat.php(14): view('alamat_view', Array)
#4 C:\laragon\www\dipa_tes\system\CodeIgniter.php(910): App\Controllers\Alamat->index()
#5 C:\laragon\www\dipa_tes\system\CodeIgniter.php(398): CodeIgniter\CodeIgniter->runController(Object(App\Controllers\Alamat))
#6 C:\laragon\www\dipa_tes\system\CodeIgniter.php(306): CodeIgniter\CodeIgniter->handleRequest(NULL, Object(Config\Cache), false)
#7 C:\laragon\www\dipa_tes\public\index.php(45): CodeIgniter\CodeIgniter->run()
#8 C:\laragon\www\dipa_tes\system\Commands\Server\rewrite.php(34): require_once('C:\\laragon\\www\\...')
#9 {main}
CRITICAL - 2021-07-20 23:33:36 --> Invalid argument supplied for foreach()
#0 C:\laragon\www\dipa_tes\app\Views\alamat_view.php(69): CodeIgniter\Debug\Exceptions->errorHandler(2, 'Invalid argumen...', 'C:\\laragon\\www\\...', 69, Array)
#1 C:\laragon\www\dipa_tes\system\View\View.php(236): include('C:\\laragon\\www\\...')
#2 C:\laragon\www\dipa_tes\system\Common.php(1071): CodeIgniter\View\View->render('alamat_view', Array, true)
#3 C:\laragon\www\dipa_tes\app\Controllers\Alamat.php(14): view('alamat_view', Array)
#4 C:\laragon\www\dipa_tes\system\CodeIgniter.php(910): App\Controllers\Alamat->index()
#5 C:\laragon\www\dipa_tes\system\CodeIgniter.php(398): CodeIgniter\CodeIgniter->runController(Object(App\Controllers\Alamat))
#6 C:\laragon\www\dipa_tes\system\CodeIgniter.php(306): CodeIgniter\CodeIgniter->handleRequest(NULL, Object(Config\Cache), false)
#7 C:\laragon\www\dipa_tes\public\index.php(45): CodeIgniter\CodeIgniter->run()
#8 C:\laragon\www\dipa_tes\system\Commands\Server\rewrite.php(34): require_once('C:\\laragon\\www\\...')
#9 {main}
CRITICAL - 2021-07-20 23:33:59 --> Invalid argument supplied for foreach()
#0 C:\laragon\www\dipa_tes\app\Views\alamat_view.php(69): CodeIgniter\Debug\Exceptions->errorHandler(2, 'Invalid argumen...', 'C:\\laragon\\www\\...', 69, Array)
#1 C:\laragon\www\dipa_tes\system\View\View.php(236): include('C:\\laragon\\www\\...')
#2 C:\laragon\www\dipa_tes\system\Common.php(1071): CodeIgniter\View\View->render('alamat_view', Array, true)
#3 C:\laragon\www\dipa_tes\app\Controllers\Alamat.php(14): view('alamat_view', Array)
#4 C:\laragon\www\dipa_tes\system\CodeIgniter.php(910): App\Controllers\Alamat->index()
#5 C:\laragon\www\dipa_tes\system\CodeIgniter.php(398): CodeIgniter\CodeIgniter->runController(Object(App\Controllers\Alamat))
#6 C:\laragon\www\dipa_tes\system\CodeIgniter.php(306): CodeIgniter\CodeIgniter->handleRequest(NULL, Object(Config\Cache), false)
#7 C:\laragon\www\dipa_tes\public\index.php(45): CodeIgniter\CodeIgniter->run()
#8 C:\laragon\www\dipa_tes\system\Commands\Server\rewrite.php(34): require_once('C:\\laragon\\www\\...')
#9 {main}
CRITICAL - 2021-07-20 23:34:13 --> Invalid argument supplied for foreach()
#0 C:\laragon\www\dipa_tes\app\Views\alamat_view.php(69): CodeIgniter\Debug\Exceptions->errorHandler(2, 'Invalid argumen...', 'C:\\laragon\\www\\...', 69, Array)
#1 C:\laragon\www\dipa_tes\system\View\View.php(236): include('C:\\laragon\\www\\...')
#2 C:\laragon\www\dipa_tes\system\Common.php(1071): CodeIgniter\View\View->render('alamat_view', Array, true)
#3 C:\laragon\www\dipa_tes\app\Controllers\Alamat.php(14): view('alamat_view', Array)
#4 C:\laragon\www\dipa_tes\system\CodeIgniter.php(910): App\Controllers\Alamat->index()
#5 C:\laragon\www\dipa_tes\system\CodeIgniter.php(398): CodeIgniter\CodeIgniter->runController(Object(App\Controllers\Alamat))
#6 C:\laragon\www\dipa_tes\system\CodeIgniter.php(306): CodeIgniter\CodeIgniter->handleRequest(NULL, Object(Config\Cache), false)
#7 C:\laragon\www\dipa_tes\public\index.php(45): CodeIgniter\CodeIgniter->run()
#8 C:\laragon\www\dipa_tes\system\Commands\Server\rewrite.php(34): require_once('C:\\laragon\\www\\...')
#9 {main}
CRITICAL - 2021-07-20 23:34:14 --> Invalid argument supplied for foreach()
#0 C:\laragon\www\dipa_tes\app\Views\alamat_view.php(69): CodeIgniter\Debug\Exceptions->errorHandler(2, 'Invalid argumen...', 'C:\\laragon\\www\\...', 69, Array)
#1 C:\laragon\www\dipa_tes\system\View\View.php(236): include('C:\\laragon\\www\\...')
#2 C:\laragon\www\dipa_tes\system\Common.php(1071): CodeIgniter\View\View->render('alamat_view', Array, true)
#3 C:\laragon\www\dipa_tes\app\Controllers\Alamat.php(14): view('alamat_view', Array)
#4 C:\laragon\www\dipa_tes\system\CodeIgniter.php(910): App\Controllers\Alamat->index()
#5 C:\laragon\www\dipa_tes\system\CodeIgniter.php(398): CodeIgniter\CodeIgniter->runController(Object(App\Controllers\Alamat))
#6 C:\laragon\www\dipa_tes\system\CodeIgniter.php(306): CodeIgniter\CodeIgniter->handleRequest(NULL, Object(Config\Cache), false)
#7 C:\laragon\www\dipa_tes\public\index.php(45): CodeIgniter\CodeIgniter->run()
#8 C:\laragon\www\dipa_tes\system\Commands\Server\rewrite.php(34): require_once('C:\\laragon\\www\\...')
#9 {main}
CRITICAL - 2021-07-20 23:34:14 --> Invalid argument supplied for foreach()
#0 C:\laragon\www\dipa_tes\app\Views\alamat_view.php(69): CodeIgniter\Debug\Exceptions->errorHandler(2, 'Invalid argumen...', 'C:\\laragon\\www\\...', 69, Array)
#1 C:\laragon\www\dipa_tes\system\View\View.php(236): include('C:\\laragon\\www\\...')
#2 C:\laragon\www\dipa_tes\system\Common.php(1071): CodeIgniter\View\View->render('alamat_view', Array, true)
#3 C:\laragon\www\dipa_tes\app\Controllers\Alamat.php(14): view('alamat_view', Array)
#4 C:\laragon\www\dipa_tes\system\CodeIgniter.php(910): App\Controllers\Alamat->index()
#5 C:\laragon\www\dipa_tes\system\CodeIgniter.php(398): CodeIgniter\CodeIgniter->runController(Object(App\Controllers\Alamat))
#6 C:\laragon\www\dipa_tes\system\CodeIgniter.php(306): CodeIgniter\CodeIgniter->handleRequest(NULL, Object(Config\Cache), false)
#7 C:\laragon\www\dipa_tes\public\index.php(45): CodeIgniter\CodeIgniter->run()
#8 C:\laragon\www\dipa_tes\system\Commands\Server\rewrite.php(34): require_once('C:\\laragon\\www\\...')
#9 {main}
CRITICAL - 2021-07-20 23:34:14 --> Invalid argument supplied for foreach()
#0 C:\laragon\www\dipa_tes\app\Views\alamat_view.php(69): CodeIgniter\Debug\Exceptions->errorHandler(2, 'Invalid argumen...', 'C:\\laragon\\www\\...', 69, Array)
#1 C:\laragon\www\dipa_tes\system\View\View.php(236): include('C:\\laragon\\www\\...')
#2 C:\laragon\www\dipa_tes\system\Common.php(1071): CodeIgniter\View\View->render('alamat_view', Array, true)
#3 C:\laragon\www\dipa_tes\app\Controllers\Alamat.php(14): view('alamat_view', Array)
#4 C:\laragon\www\dipa_tes\system\CodeIgniter.php(910): App\Controllers\Alamat->index()
#5 C:\laragon\www\dipa_tes\system\CodeIgniter.php(398): CodeIgniter\CodeIgniter->runController(Object(App\Controllers\Alamat))
#6 C:\laragon\www\dipa_tes\system\CodeIgniter.php(306): CodeIgniter\CodeIgniter->handleRequest(NULL, Object(Config\Cache), false)
#7 C:\laragon\www\dipa_tes\public\index.php(45): CodeIgniter\CodeIgniter->run()
#8 C:\laragon\www\dipa_tes\system\Commands\Server\rewrite.php(34): require_once('C:\\laragon\\www\\...')
#9 {main}
CRITICAL - 2021-07-20 23:35:01 --> Invalid argument supplied for foreach()
#0 C:\laragon\www\dipa_tes\app\Views\alamat_view.php(69): CodeIgniter\Debug\Exceptions->errorHandler(2, 'Invalid argumen...', 'C:\\laragon\\www\\...', 69, Array)
#1 C:\laragon\www\dipa_tes\system\View\View.php(236): include('C:\\laragon\\www\\...')
#2 C:\laragon\www\dipa_tes\system\Common.php(1071): CodeIgniter\View\View->render('alamat_view', Array, true)
#3 C:\laragon\www\dipa_tes\app\Controllers\Alamat.php(14): view('alamat_view', Array)
#4 C:\laragon\www\dipa_tes\system\CodeIgniter.php(910): App\Controllers\Alamat->index()
#5 C:\laragon\www\dipa_tes\system\CodeIgniter.php(398): CodeIgniter\CodeIgniter->runController(Object(App\Controllers\Alamat))
#6 C:\laragon\www\dipa_tes\system\CodeIgniter.php(306): CodeIgniter\CodeIgniter->handleRequest(NULL, Object(Config\Cache), false)
#7 C:\laragon\www\dipa_tes\public\index.php(45): CodeIgniter\CodeIgniter->run()
#8 C:\laragon\www\dipa_tes\system\Commands\Server\rewrite.php(34): require_once('C:\\laragon\\www\\...')
#9 {main}
CRITICAL - 2021-07-20 23:36:55 --> Invalid argument supplied for foreach()
#0 C:\laragon\www\dipa_tes\app\Views\alamat_view.php(69): CodeIgniter\Debug\Exceptions->errorHandler(2, 'Invalid argumen...', 'C:\\laragon\\www\\...', 69, Array)
#1 C:\laragon\www\dipa_tes\system\View\View.php(236): include('C:\\laragon\\www\\...')
#2 C:\laragon\www\dipa_tes\system\Common.php(1071): CodeIgniter\View\View->render('alamat_view', Array, true)
#3 C:\laragon\www\dipa_tes\app\Controllers\Alamat.php(14): view('alamat_view', Array)
#4 C:\laragon\www\dipa_tes\system\CodeIgniter.php(910): App\Controllers\Alamat->index()
#5 C:\laragon\www\dipa_tes\system\CodeIgniter.php(398): CodeIgniter\CodeIgniter->runController(Object(App\Controllers\Alamat))
#6 C:\laragon\www\dipa_tes\system\CodeIgniter.php(306): CodeIgniter\CodeIgniter->handleRequest(NULL, Object(Config\Cache), false)
#7 C:\laragon\www\dipa_tes\public\index.php(45): CodeIgniter\CodeIgniter->run()
#8 C:\laragon\www\dipa_tes\system\Commands\Server\rewrite.php(34): require_once('C:\\laragon\\www\\...')
#9 {main}
CRITICAL - 2021-07-20 23:36:56 --> Invalid argument supplied for foreach()
#0 C:\laragon\www\dipa_tes\app\Views\alamat_view.php(69): CodeIgniter\Debug\Exceptions->errorHandler(2, 'Invalid argumen...', 'C:\\laragon\\www\\...', 69, Array)
#1 C:\laragon\www\dipa_tes\system\View\View.php(236): include('C:\\laragon\\www\\...')
#2 C:\laragon\www\dipa_tes\system\Common.php(1071): CodeIgniter\View\View->render('alamat_view', Array, true)
#3 C:\laragon\www\dipa_tes\app\Controllers\Alamat.php(14): view('alamat_view', Array)
#4 C:\laragon\www\dipa_tes\system\CodeIgniter.php(910): App\Controllers\Alamat->index()
#5 C:\laragon\www\dipa_tes\system\CodeIgniter.php(398): CodeIgniter\CodeIgniter->runController(Object(App\Controllers\Alamat))
#6 C:\laragon\www\dipa_tes\system\CodeIgniter.php(306): CodeIgniter\CodeIgniter->handleRequest(NULL, Object(Config\Cache), false)
#7 C:\laragon\www\dipa_tes\public\index.php(45): CodeIgniter\CodeIgniter->run()
#8 C:\laragon\www\dipa_tes\system\Commands\Server\rewrite.php(34): require_once('C:\\laragon\\www\\...')
#9 {main}
CRITICAL - 2021-07-20 23:37:02 --> Invalid argument supplied for foreach()
#0 C:\laragon\www\dipa_tes\app\Views\alamat_view.php(47): CodeIgniter\Debug\Exceptions->errorHandler(2, 'Invalid argumen...', 'C:\\laragon\\www\\...', 47, Array)
#1 C:\laragon\www\dipa_tes\system\View\View.php(236): include('C:\\laragon\\www\\...')
#2 C:\laragon\www\dipa_tes\system\Common.php(1071): CodeIgniter\View\View->render('alamat_view', Array, true)
#3 C:\laragon\www\dipa_tes\app\Controllers\Alamat.php(14): view('alamat_view', Array)
#4 C:\laragon\www\dipa_tes\system\CodeIgniter.php(910): App\Controllers\Alamat->index()
#5 C:\laragon\www\dipa_tes\system\CodeIgniter.php(398): CodeIgniter\CodeIgniter->runController(Object(App\Controllers\Alamat))
#6 C:\laragon\www\dipa_tes\system\CodeIgniter.php(306): CodeIgniter\CodeIgniter->handleRequest(NULL, Object(Config\Cache), false)
#7 C:\laragon\www\dipa_tes\public\index.php(45): CodeIgniter\CodeIgniter->run()
#8 C:\laragon\www\dipa_tes\system\Commands\Server\rewrite.php(34): require_once('C:\\laragon\\www\\...')
#9 {main}
CRITICAL - 2021-07-20 23:37:02 --> Invalid argument supplied for foreach()
#0 C:\laragon\www\dipa_tes\app\Views\alamat_view.php(47): CodeIgniter\Debug\Exceptions->errorHandler(2, 'Invalid argumen...', 'C:\\laragon\\www\\...', 47, Array)
#1 C:\laragon\www\dipa_tes\system\View\View.php(236): include('C:\\laragon\\www\\...')
#2 C:\laragon\www\dipa_tes\system\Common.php(1071): CodeIgniter\View\View->render('alamat_view', Array, true)
#3 C:\laragon\www\dipa_tes\app\Controllers\Alamat.php(14): view('alamat_view', Array)
#4 C:\laragon\www\dipa_tes\system\CodeIgniter.php(910): App\Controllers\Alamat->index()
#5 C:\laragon\www\dipa_tes\system\CodeIgniter.php(398): CodeIgniter\CodeIgniter->runController(Object(App\Controllers\Alamat))
#6 C:\laragon\www\dipa_tes\system\CodeIgniter.php(306): CodeIgniter\CodeIgniter->handleRequest(NULL, Object(Config\Cache), false)
#7 C:\laragon\www\dipa_tes\public\index.php(45): CodeIgniter\CodeIgniter->run()
#8 C:\laragon\www\dipa_tes\system\Commands\Server\rewrite.php(34): require_once('C:\\laragon\\www\\...')
#9 {main}
CRITICAL - 2021-07-20 23:37:03 --> Invalid argument supplied for foreach()
#0 C:\laragon\www\dipa_tes\app\Views\alamat_view.php(47): CodeIgniter\Debug\Exceptions->errorHandler(2, 'Invalid argumen...', 'C:\\laragon\\www\\...', 47, Array)
#1 C:\laragon\www\dipa_tes\system\View\View.php(236): include('C:\\laragon\\www\\...')
#2 C:\laragon\www\dipa_tes\system\Common.php(1071): CodeIgniter\View\View->render('alamat_view', Array, true)
#3 C:\laragon\www\dipa_tes\app\Controllers\Alamat.php(14): view('alamat_view', Array)
#4 C:\laragon\www\dipa_tes\system\CodeIgniter.php(910): App\Controllers\Alamat->index()
#5 C:\laragon\www\dipa_tes\system\CodeIgniter.php(398): CodeIgniter\CodeIgniter->runController(Object(App\Controllers\Alamat))
#6 C:\laragon\www\dipa_tes\system\CodeIgniter.php(306): CodeIgniter\CodeIgniter->handleRequest(NULL, Object(Config\Cache), false)
#7 C:\laragon\www\dipa_tes\public\index.php(45): CodeIgniter\CodeIgniter->run()
#8 C:\laragon\www\dipa_tes\system\Commands\Server\rewrite.php(34): require_once('C:\\laragon\\www\\...')
#9 {main}
CRITICAL - 2021-07-20 23:41:27 --> Column 'customer_id' in on clause is ambiguous
#0 C:\laragon\www\dipa_tes\system\Database\MySQLi\Connection.php(330): mysqli->query('SELECT *\nFROM `...')
#1 C:\laragon\www\dipa_tes\system\Database\BaseConnection.php(738): CodeIgniter\Database\MySQLi\Connection->execute('SELECT *\nFROM `...')
#2 C:\laragon\www\dipa_tes\system\Database\BaseConnection.php(666): CodeIgniter\Database\BaseConnection->simpleQuery('SELECT *\nFROM `...')
#3 C:\laragon\www\dipa_tes\system\Database\BaseBuilder.php(1819): CodeIgniter\Database\BaseConnection->query('SELECT *\nFROM `...', Array, false)
#4 C:\laragon\www\dipa_tes\app\Models\Alamat_model.php(26): CodeIgniter\Database\BaseBuilder->get()
#5 C:\laragon\www\dipa_tes\app\Controllers\Alamat.php(11): App\Models\Alamat_model->getAlamat()
#6 C:\laragon\www\dipa_tes\system\CodeIgniter.php(910): App\Controllers\Alamat->index()
#7 C:\laragon\www\dipa_tes\system\CodeIgniter.php(398): CodeIgniter\CodeIgniter->runController(Object(App\Controllers\Alamat))
#8 C:\laragon\www\dipa_tes\system\CodeIgniter.php(306): CodeIgniter\CodeIgniter->handleRequest(NULL, Object(Config\Cache), false)
#9 C:\laragon\www\dipa_tes\public\index.php(45): CodeIgniter\CodeIgniter->run()
#10 C:\laragon\www\dipa_tes\system\Commands\Server\rewrite.php(34): require_once('C:\\laragon\\www\\...')
#11 {main}
CRITICAL - 2021-07-20 23:41:28 --> Column 'customer_id' in on clause is ambiguous
#0 C:\laragon\www\dipa_tes\system\Database\MySQLi\Connection.php(330): mysqli->query('SELECT *\nFROM `...')
#1 C:\laragon\www\dipa_tes\system\Database\BaseConnection.php(738): CodeIgniter\Database\MySQLi\Connection->execute('SELECT *\nFROM `...')
#2 C:\laragon\www\dipa_tes\system\Database\BaseConnection.php(666): CodeIgniter\Database\BaseConnection->simpleQuery('SELECT *\nFROM `...')
#3 C:\laragon\www\dipa_tes\system\Database\BaseBuilder.php(1819): CodeIgniter\Database\BaseConnection->query('SELECT *\nFROM `...', Array, false)
#4 C:\laragon\www\dipa_tes\app\Models\Alamat_model.php(26): CodeIgniter\Database\BaseBuilder->get()
#5 C:\laragon\www\dipa_tes\app\Controllers\Alamat.php(11): App\Models\Alamat_model->getAlamat()
#6 C:\laragon\www\dipa_tes\system\CodeIgniter.php(910): App\Controllers\Alamat->index()
#7 C:\laragon\www\dipa_tes\system\CodeIgniter.php(398): CodeIgniter\CodeIgniter->runController(Object(App\Controllers\Alamat))
#8 C:\laragon\www\dipa_tes\system\CodeIgniter.php(306): CodeIgniter\CodeIgniter->handleRequest(NULL, Object(Config\Cache), false)
#9 C:\laragon\www\dipa_tes\public\index.php(45): CodeIgniter\CodeIgniter->run()
#10 C:\laragon\www\dipa_tes\system\Commands\Server\rewrite.php(34): require_once('C:\\laragon\\www\\...')
#11 {main}
CRITICAL - 2021-07-20 23:41:29 --> Column 'customer_id' in on clause is ambiguous
#0 C:\laragon\www\dipa_tes\system\Database\MySQLi\Connection.php(330): mysqli->query('SELECT *\nFROM `...')
#1 C:\laragon\www\dipa_tes\system\Database\BaseConnection.php(738): CodeIgniter\Database\MySQLi\Connection->execute('SELECT *\nFROM `...')
#2 C:\laragon\www\dipa_tes\system\Database\BaseConnection.php(666): CodeIgniter\Database\BaseConnection->simpleQuery('SELECT *\nFROM `...')
#3 C:\laragon\www\dipa_tes\system\Database\BaseBuilder.php(1819): CodeIgniter\Database\BaseConnection->query('SELECT *\nFROM `...', Array, false)
#4 C:\laragon\www\dipa_tes\app\Models\Alamat_model.php(26): CodeIgniter\Database\BaseBuilder->get()
#5 C:\laragon\www\dipa_tes\app\Controllers\Alamat.php(11): App\Models\Alamat_model->getAlamat()
#6 C:\laragon\www\dipa_tes\system\CodeIgniter.php(910): App\Controllers\Alamat->index()
#7 C:\laragon\www\dipa_tes\system\CodeIgniter.php(398): CodeIgniter\CodeIgniter->runController(Object(App\Controllers\Alamat))
#8 C:\laragon\www\dipa_tes\system\CodeIgniter.php(306): CodeIgniter\CodeIgniter->handleRequest(NULL, Object(Config\Cache), false)
#9 C:\laragon\www\dipa_tes\public\index.php(45): CodeIgniter\CodeIgniter->run()
#10 C:\laragon\www\dipa_tes\system\Commands\Server\rewrite.php(34): require_once('C:\\laragon\\www\\...')
#11 {main}
CRITICAL - 2021-07-20 23:41:54 --> Column 'customer_id' in on clause is ambiguous
#0 C:\laragon\www\dipa_tes\system\Database\MySQLi\Connection.php(330): mysqli->query('SELECT *\nFROM `...')
#1 C:\laragon\www\dipa_tes\system\Database\BaseConnection.php(738): CodeIgniter\Database\MySQLi\Connection->execute('SELECT *\nFROM `...')
#2 C:\laragon\www\dipa_tes\system\Database\BaseConnection.php(666): CodeIgniter\Database\BaseConnection->simpleQuery('SELECT *\nFROM `...')
#3 C:\laragon\www\dipa_tes\system\Database\BaseBuilder.php(1819): CodeIgniter\Database\BaseConnection->query('SELECT *\nFROM `...', Array, false)
#4 C:\laragon\www\dipa_tes\app\Models\Alamat_model.php(26): CodeIgniter\Database\BaseBuilder->get()
#5 C:\laragon\www\dipa_tes\app\Controllers\Alamat.php(11): App\Models\Alamat_model->getAlamat()
#6 C:\laragon\www\dipa_tes\system\CodeIgniter.php(910): App\Controllers\Alamat->index()
#7 C:\laragon\www\dipa_tes\system\CodeIgniter.php(398): CodeIgniter\CodeIgniter->runController(Object(App\Controllers\Alamat))
#8 C:\laragon\www\dipa_tes\system\CodeIgniter.php(306): CodeIgniter\CodeIgniter->handleRequest(NULL, Object(Config\Cache), false)
#9 C:\laragon\www\dipa_tes\public\index.php(45): CodeIgniter\CodeIgniter->run()
#10 C:\laragon\www\dipa_tes\system\Commands\Server\rewrite.php(34): require_once('C:\\laragon\\www\\...')
#11 {main}
CRITICAL - 2021-07-20 23:41:54 --> Column 'customer_id' in on clause is ambiguous
#0 C:\laragon\www\dipa_tes\system\Database\MySQLi\Connection.php(330): mysqli->query('SELECT *\nFROM `...')
#1 C:\laragon\www\dipa_tes\system\Database\BaseConnection.php(738): CodeIgniter\Database\MySQLi\Connection->execute('SELECT *\nFROM `...')
#2 C:\laragon\www\dipa_tes\system\Database\BaseConnection.php(666): CodeIgniter\Database\BaseConnection->simpleQuery('SELECT *\nFROM `...')
#3 C:\laragon\www\dipa_tes\system\Database\BaseBuilder.php(1819): CodeIgniter\Database\BaseConnection->query('SELECT *\nFROM `...', Array, false)
#4 C:\laragon\www\dipa_tes\app\Models\Alamat_model.php(26): CodeIgniter\Database\BaseBuilder->get()
#5 C:\laragon\www\dipa_tes\app\Controllers\Alamat.php(11): App\Models\Alamat_model->getAlamat()
#6 C:\laragon\www\dipa_tes\system\CodeIgniter.php(910): App\Controllers\Alamat->index()
#7 C:\laragon\www\dipa_tes\system\CodeIgniter.php(398): CodeIgniter\CodeIgniter->runController(Object(App\Controllers\Alamat))
#8 C:\laragon\www\dipa_tes\system\CodeIgniter.php(306): CodeIgniter\CodeIgniter->handleRequest(NULL, Object(Config\Cache), false)
#9 C:\laragon\www\dipa_tes\public\index.php(45): CodeIgniter\CodeIgniter->run()
#10 C:\laragon\www\dipa_tes\system\Commands\Server\rewrite.php(34): require_once('C:\\laragon\\www\\...')
#11 {main}
CRITICAL - 2021-07-20 23:41:55 --> Column 'customer_id' in on clause is ambiguous
#0 C:\laragon\www\dipa_tes\system\Database\MySQLi\Connection.php(330): mysqli->query('SELECT *\nFROM `...')
#1 C:\laragon\www\dipa_tes\system\Database\BaseConnection.php(738): CodeIgniter\Database\MySQLi\Connection->execute('SELECT *\nFROM `...')
#2 C:\laragon\www\dipa_tes\system\Database\BaseConnection.php(666): CodeIgniter\Database\BaseConnection->simpleQuery('SELECT *\nFROM `...')
#3 C:\laragon\www\dipa_tes\system\Database\BaseBuilder.php(1819): CodeIgniter\Database\BaseConnection->query('SELECT *\nFROM `...', Array, false)
#4 C:\laragon\www\dipa_tes\app\Models\Alamat_model.php(26): CodeIgniter\Database\BaseBuilder->get()
#5 C:\laragon\www\dipa_tes\app\Controllers\Alamat.php(11): App\Models\Alamat_model->getAlamat()
#6 C:\laragon\www\dipa_tes\system\CodeIgniter.php(910): App\Controllers\Alamat->index()
#7 C:\laragon\www\dipa_tes\system\CodeIgniter.php(398): CodeIgniter\CodeIgniter->runController(Object(App\Controllers\Alamat))
#8 C:\laragon\www\dipa_tes\system\CodeIgniter.php(306): CodeIgniter\CodeIgniter->handleRequest(NULL, Object(Config\Cache), false)
#9 C:\laragon\www\dipa_tes\public\index.php(45): CodeIgniter\CodeIgniter->run()
#10 C:\laragon\www\dipa_tes\system\Commands\Server\rewrite.php(34): require_once('C:\\laragon\\www\\...')
#11 {main}
CRITICAL - 2021-07-20 23:41:55 --> Column 'customer_id' in on clause is ambiguous
#0 C:\laragon\www\dipa_tes\system\Database\MySQLi\Connection.php(330): mysqli->query('SELECT *\nFROM `...')
#1 C:\laragon\www\dipa_tes\system\Database\BaseConnection.php(738): CodeIgniter\Database\MySQLi\Connection->execute('SELECT *\nFROM `...')
#2 C:\laragon\www\dipa_tes\system\Database\BaseConnection.php(666): CodeIgniter\Database\BaseConnection->simpleQuery('SELECT *\nFROM `...')
#3 C:\laragon\www\dipa_tes\system\Database\BaseBuilder.php(1819): CodeIgniter\Database\BaseConnection->query('SELECT *\nFROM `...', Array, false)
#4 C:\laragon\www\dipa_tes\app\Models\Alamat_model.php(26): CodeIgniter\Database\BaseBuilder->get()
#5 C:\laragon\www\dipa_tes\app\Controllers\Alamat.php(11): App\Models\Alamat_model->getAlamat()
#6 C:\laragon\www\dipa_tes\system\CodeIgniter.php(910): App\Controllers\Alamat->index()
#7 C:\laragon\www\dipa_tes\system\CodeIgniter.php(398): CodeIgniter\CodeIgniter->runController(Object(App\Controllers\Alamat))
#8 C:\laragon\www\dipa_tes\system\CodeIgniter.php(306): CodeIgniter\CodeIgniter->handleRequest(NULL, Object(Config\Cache), false)
#9 C:\laragon\www\dipa_tes\public\index.php(45): CodeIgniter\CodeIgniter->run()
#10 C:\laragon\www\dipa_tes\system\Commands\Server\rewrite.php(34): require_once('C:\\laragon\\www\\...')
#11 {main}
CRITICAL - 2021-07-20 23:44:40 --> Invalid argument supplied for foreach()
#0 C:\laragon\www\dipa_tes\app\Views\alamat_view.php(69): CodeIgniter\Debug\Exceptions->errorHandler(2, 'Invalid argumen...', 'C:\\laragon\\www\\...', 69, Array)
#1 C:\laragon\www\dipa_tes\system\View\View.php(236): include('C:\\laragon\\www\\...')
#2 C:\laragon\www\dipa_tes\system\Common.php(1071): CodeIgniter\View\View->render('alamat_view', Array, true)
#3 C:\laragon\www\dipa_tes\app\Controllers\Alamat.php(14): view('alamat_view', Array)
#4 C:\laragon\www\dipa_tes\system\CodeIgniter.php(910): App\Controllers\Alamat->index()
#5 C:\laragon\www\dipa_tes\system\CodeIgniter.php(398): CodeIgniter\CodeIgniter->runController(Object(App\Controllers\Alamat))
#6 C:\laragon\www\dipa_tes\system\CodeIgniter.php(306): CodeIgniter\CodeIgniter->handleRequest(NULL, Object(Config\Cache), false)
#7 C:\laragon\www\dipa_tes\public\index.php(45): CodeIgniter\CodeIgniter->run()
#8 C:\laragon\www\dipa_tes\system\Commands\Server\rewrite.php(34): require_once('C:\\laragon\\www\\...')
#9 {main}
